<?xml version="1.0" encoding="UTF-8"?>
<robot generator="Robot 7.2.2 (Python 3.13.3 on win32)" generated="2025-06-18T11:38:57.286174" rpa="false" schemaversion="5">
<suite id="s1" name="Add Customer Test" source="C:\QA_TEST3\testcases\add_customer_test.robot">
<kw name="Ouvrir le navigateur" owner="testCas" type="SETUP">
<kw name="Open Browser" owner="SeleniumLibrary">
<msg time="2025-06-18T11:38:57.882716" level="INFO">Opening browser 'chrome' to base url 'https://automationplayground.com/crm/'.</msg>
<msg time="2025-06-18T11:40:22.718546" level="WARN">There was an error managing chrome (error sending request for url (https://googlechromelabs.github.io/chrome-for-testing/known-good-versions-with-downloads.json): error trying to connect: tcp connect error: Une tentative de connexion a échoué car le parti connecté n’a pas répondu convenablement au-delà d’une certaine durée ou une connexion établie a échoué car l’hôte de connexion n’a pas répondu. (os error 10060)); using driver found in the cache</msg>
<arg>${URL}</arg>
<arg>chrome</arg>
<doc>Opens a new browser instance to the optional ``url``.</doc>
<status status="PASS" start="2025-06-18T11:38:57.882135" elapsed="88.761441"/>
</kw>
<kw name="Maximize Browser Window" owner="SeleniumLibrary">
<doc>Maximizes current browser window.</doc>
<status status="PASS" start="2025-06-18T11:40:26.644172" elapsed="0.918782"/>
</kw>
<kw name="Sleep" owner="BuiltIn">
<msg time="2025-06-18T11:40:28.564319" level="INFO">Slept 1 second.</msg>
<arg>1</arg>
<doc>Pauses the test executed for the given time.</doc>
<status status="PASS" start="2025-06-18T11:40:27.563438" elapsed="1.001020"/>
</kw>
<status status="PASS" start="2025-06-18T11:38:57.880023" elapsed="90.684584"/>
</kw>
<test id="s1-t1" name="Test Add Customer" line="9">
<kw name="Click Element" owner="SeleniumLibrary">
<msg time="2025-06-18T11:40:28.566336" level="INFO">Clicking element '//*[@id="SignIn"]'.</msg>
<arg>//*[@id="SignIn"]</arg>
<doc>Click the element identified by ``locator``.</doc>
<status status="PASS" start="2025-06-18T11:40:28.565690" elapsed="0.466702"/>
</kw>
<kw name="Wait Until Page Contains" owner="SeleniumLibrary">
<arg>Login</arg>
<doc>Waits until ``text`` appears on the current page.</doc>
<status status="PASS" start="2025-06-18T11:40:29.041520" elapsed="0.028869"/>
</kw>
<kw name="Input Text" owner="SeleniumLibrary">
<msg time="2025-06-18T11:40:29.072616" level="INFO">Typing text 'admin@robotframeworktutorial.com' into text field '//input[@id='email-id']'.</msg>
<arg>//input[@id='email-id']</arg>
<arg>${USERNAME_AUTOMATION}</arg>
<doc>Types the given ``text`` into the text field identified by ``locator``.</doc>
<status status="PASS" start="2025-06-18T11:40:29.071964" elapsed="0.292149"/>
</kw>
<kw name="Input Text" owner="SeleniumLibrary">
<msg time="2025-06-18T11:40:29.365359" level="INFO">Typing text 'pwd' into text field '//input[@id='password']'.</msg>
<arg>//input[@id='password']</arg>
<arg>${PASSWORD_AUTOMATION}</arg>
<doc>Types the given ``text`` into the text field identified by ``locator``.</doc>
<status status="PASS" start="2025-06-18T11:40:29.364775" elapsed="0.177970"/>
</kw>
<kw name="Click Element" owner="SeleniumLibrary">
<msg time="2025-06-18T11:40:29.543900" level="INFO">Clicking element '//*[@id="submit-id"]'.</msg>
<arg>//*[@id="submit-id"]</arg>
<doc>Click the element identified by ``locator``.</doc>
<status status="PASS" start="2025-06-18T11:40:29.543462" elapsed="0.128760"/>
</kw>
<kw name="Click Element" owner="SeleniumLibrary">
<msg time="2025-06-18T11:40:29.676247" level="INFO">Clicking element '//*[@id="new-customer"]'.</msg>
<arg>//*[@id="new-customer"]</arg>
<doc>Click the element identified by ``locator``.</doc>
<status status="PASS" start="2025-06-18T11:40:29.675727" elapsed="1.669437"/>
</kw>
<kw name="Wait Until Page Contains" owner="SeleniumLibrary">
<arg>Add Customer</arg>
<doc>Waits until ``text`` appears on the current page.</doc>
<status status="PASS" start="2025-06-18T11:40:31.345795" elapsed="0.030773"/>
</kw>
<kw name="Input Text" owner="SeleniumLibrary">
<msg time="2025-06-18T11:40:31.377706" level="INFO">Typing text 'bassinediallo@gmail.com' into text field '//*[@id="EmailAddress"]'.</msg>
<arg>//*[@id="EmailAddress"]</arg>
<arg>${TEST_CUSTOMER_EMAIL}</arg>
<doc>Types the given ``text`` into the text field identified by ``locator``.</doc>
<status status="PASS" start="2025-06-18T11:40:31.377312" elapsed="0.187049"/>
</kw>
<kw name="Input Text" owner="SeleniumLibrary">
<msg time="2025-06-18T11:40:31.566287" level="INFO">Typing text 'Bassine' into text field '//*[@id="FirstName"]'.</msg>
<arg>//*[@id="FirstName"]</arg>
<arg>${TEST_CUSTOMER_FIRST_NAME}</arg>
<doc>Types the given ``text`` into the text field identified by ``locator``.</doc>
<status status="PASS" start="2025-06-18T11:40:31.565853" elapsed="0.163767"/>
</kw>
<kw name="Input Text" owner="SeleniumLibrary">
<msg time="2025-06-18T11:40:31.731554" level="INFO">Typing text 'Diallo' into text field '//*[@id="LastName"]'.</msg>
<arg>//*[@id="LastName"]</arg>
<arg>${TEST_CUSTOMER_LAST_NAME}</arg>
<doc>Types the given ``text`` into the text field identified by ``locator``.</doc>
<status status="PASS" start="2025-06-18T11:40:31.730960" elapsed="0.166010"/>
</kw>
<kw name="Input Text" owner="SeleniumLibrary">
<msg time="2025-06-18T11:40:31.898242" level="INFO">Typing text 'New York' into text field '//*[@id="City"]'.</msg>
<arg>//*[@id="City"]</arg>
<arg>${TEST_CUSTOMER_CITY}</arg>
<doc>Types the given ``text`` into the text field identified by ``locator``.</doc>
<status status="PASS" start="2025-06-18T11:40:31.897695" elapsed="0.186806"/>
</kw>
<kw name="Select From List By Value" owner="SeleniumLibrary">
<msg time="2025-06-18T11:40:32.085292" level="INFO">Selecting options from selection list '//*[@id="StateOrRegion"]' by value NY.</msg>
<arg>//*[@id="StateOrRegion"]</arg>
<arg>${TEST_CUSTOMER_STATE}</arg>
<doc>Selects options from selection list ``locator`` by ``values``.</doc>
<status status="PASS" start="2025-06-18T11:40:32.084954" elapsed="0.141412"/>
</kw>
<kw name="Click Element" owner="SeleniumLibrary">
<msg time="2025-06-18T11:40:32.228488" level="INFO">Clicking element '//input[@name='gender']'.</msg>
<arg>//input[@name='gender']</arg>
<doc>Click the element identified by ``locator``.</doc>
<status status="PASS" start="2025-06-18T11:40:32.228171" elapsed="0.124828"/>
</kw>
<kw name="Click Element" owner="SeleniumLibrary">
<msg time="2025-06-18T11:40:32.354589" level="INFO">Clicking element '//*[@id="loginform"]/div/div/div/div/form/div[7]/input'.</msg>
<arg>//*[@id="loginform"]/div/div/div/div/form/div[7]/input</arg>
<doc>Click the element identified by ``locator``.</doc>
<status status="PASS" start="2025-06-18T11:40:32.353655" elapsed="0.127951"/>
</kw>
<kw name="Click Element" owner="SeleniumLibrary">
<msg time="2025-06-18T11:40:32.482576" level="INFO">Clicking element '//*[@id="loginform"]/div/div/div/div/form/button'.</msg>
<arg>//*[@id="loginform"]/div/div/div/div/form/button</arg>
<doc>Click the element identified by ``locator``.</doc>
<status status="PASS" start="2025-06-18T11:40:32.482124" elapsed="0.423110"/>
</kw>
<kw name="Wait Until Page Contains" owner="SeleniumLibrary">
<arg>Success! New customer added.</arg>
<doc>Waits until ``text`` appears on the current page.</doc>
<status status="PASS" start="2025-06-18T11:40:32.908696" elapsed="0.061169"/>
</kw>
<doc>Test d'ajout d'un nouveau client</doc>
<tag>customer</tag>
<tag>smoke</tag>
<status status="PASS" start="2025-06-18T11:40:28.564746" elapsed="4.405714"/>
</test>
<kw name="Fermer le navigateur" owner="testCas" type="TEARDOWN">
<kw name="Close Browser" owner="SeleniumLibrary">
<doc>Closes the current browser.</doc>
<status status="PASS" start="2025-06-18T11:40:32.976258" elapsed="2.452215"/>
</kw>
<status status="PASS" start="2025-06-18T11:40:32.975731" elapsed="2.452976"/>
</kw>
<status status="PASS" start="2025-06-18T11:38:57.293076" elapsed="98.135715"/>
</suite>
<statistics>
<total>
<stat pass="1" fail="0" skip="0">All Tests</stat>
</total>
<tag>
<stat pass="1" fail="0" skip="0">customer</stat>
<stat pass="1" fail="0" skip="0">smoke</stat>
</tag>
<suite>
<stat name="Add Customer Test" id="s1" pass="1" fail="0" skip="0">Add Customer Test</stat>
</suite>
</statistics>
<errors>
<msg time="2025-06-18T11:40:22.718546" level="WARN">There was an error managing chrome (error sending request for url (https://googlechromelabs.github.io/chrome-for-testing/known-good-versions-with-downloads.json): error trying to connect: tcp connect error: Une tentative de connexion a échoué car le parti connecté n’a pas répondu convenablement au-delà d’une certaine durée ou une connexion établie a échoué car l’hôte de connexion n’a pas répondu. (os error 10060)); using driver found in the cache</msg>
</errors>
</robot>
