<?xml version="1.0" encoding="UTF-8"?>
<robot generator="Robot 6.1.1 (Python 3.11.6 on linux)" generated="20250725 22:01:46.098" rpa="false" schemaversion="4">
<suite id="s1" name="Product Tests" source="/home/mohamed/Documents/ISI_Courses/QA_Test/EXAMEN_QA_TEST/your_project/tests/product_tests.robot">
<test id="s1-t1" name="Should Be Able To Add A Product With All Details" line="19">
<kw name="Open And Login To Application" library="common_keywords" type="SETUP">
<kw name="Open My Application" library="common_keywords">
<kw name="Create Dictionary" library="BuiltIn">
<var>${desired_caps}</var>
<arg>platformName=Android</arg>
<arg>platformVersion=16</arg>
<arg>deviceName=Medium Phone API 36</arg>
<arg>automationName=UiAutomator2</arg>
<arg>app=/home/mohamed/Documents/ISI_Courses/QA_Test/EXAMEN_QA_TEST/lab4_mobile/app-looma.apk</arg>
<arg>noReset=${False}</arg>
<arg>appPackage=sn.sonatel.dsi.moussa.wade.moussawade</arg>
<arg>appActivity=sn.sonatel.dsi.moussa.wade.moussawade.MainActivity</arg>
<doc>Creates and returns a dictionary based on the given ``items``.</doc>
<msg timestamp="20250725 22:01:46.229" level="INFO">${desired_caps} = {'platformName': 'Android', 'platformVersion': '16', 'deviceName': 'Medium Phone API 36', 'automationName': 'UiAutomator2', 'app': '/home/mohamed/Documents/ISI_Courses/QA_Test/EXAMEN_QA_TEST/lab4_mobi...</msg>
<status status="PASS" starttime="20250725 22:01:46.228" endtime="20250725 22:01:46.229"/>
</kw>
<kw name="Open Application" library="AppiumLibrary">
<arg>http://localhost:4723</arg>
<arg>&amp;{desired_caps}</arg>
<arg>strict_ssl=False</arg>
<doc>Opens a new application to given Appium server.
Capabilities of appium server, Android and iOS,
Please check https://github.com/appium/appium/blob/master/docs/en/writing-running-appium/server-args.md
| *Option*            | *Man.* | *Description*     |
| remote_url          | Yes    | Appium server url |
| alias               | no     | alias             |
| strict_ssl          | No     | allows you to send commands to an invalid certificate host like a self-signed one. |</doc>
<status status="PASS" starttime="20250725 22:01:46.229" endtime="20250725 22:01:50.483"/>
</kw>
<kw name="Set Appium Timeout" library="AppiumLibrary">
<arg>30 seconds</arg>
<doc>Sets the timeout in seconds used by various keywords.</doc>
<status status="PASS" starttime="20250725 22:01:50.483" endtime="20250725 22:01:50.483"/>
</kw>
<status status="PASS" starttime="20250725 22:01:46.228" endtime="20250725 22:01:50.483"/>
</kw>
<kw name="Login" library="common_keywords">
<arg>${VALID_USERNAME}</arg>
<arg>${VALID_PASSWORD}</arg>
<kw name="Wait Until Page Contains Element" library="AppiumLibrary">
<arg>${USERNAME_INPUT}</arg>
<arg>timeout=${DEFAULT_WAIT_TIME}</arg>
<doc>Waits until element specified with `locator` appears on current page.</doc>
<msg timestamp="20250725 22:01:51.293" level="INFO">xpath criteria: //android.widget.FrameLayout[@resource-id="android:id/content"]/android.widget.FrameLayout/android.view.View/android.view.View/android.view.View/android.view.View/android.widget.EditText[1]</msg>
<status status="PASS" starttime="20250725 22:01:50.484" endtime="20250725 22:01:51.294"/>
</kw>
<kw name="Wait Until Page Contains Element" library="AppiumLibrary">
<arg>${PASSWORD_INPUT}</arg>
<arg>timeout=${DEFAULT_WAIT_TIME}</arg>
<doc>Waits until element specified with `locator` appears on current page.</doc>
<msg timestamp="20250725 22:01:51.323" level="INFO">xpath criteria: //android.widget.FrameLayout[@resource-id="android:id/content"]/android.widget.FrameLayout/android.view.View/android.view.View/android.view.View/android.view.View/android.widget.EditText[2]</msg>
<status status="PASS" starttime="20250725 22:01:51.294" endtime="20250725 22:01:51.324"/>
</kw>
<kw name="Wait Until Page Contains Element" library="AppiumLibrary">
<arg>${LOGIN_BUTTON}</arg>
<arg>timeout=${DEFAULT_WAIT_TIME}</arg>
<doc>Waits until element specified with `locator` appears on current page.</doc>
<msg timestamp="20250725 22:01:51.350" level="INFO">xpath criteria: //android.widget.Button[@content-desc="Se connecter"]</msg>
<status status="PASS" starttime="20250725 22:01:51.324" endtime="20250725 22:01:51.350"/>
</kw>
<kw name="Fill Input By XPath" library="common_keywords">
<arg>${USERNAME_INPUT}</arg>
<arg>${username}</arg>
<kw name="Wait Until Element Is Visible" library="AppiumLibrary">
<arg>${xpath_locator}</arg>
<arg>timeout=${DEFAULT_WAIT_TIME}</arg>
<doc>Waits until element specified with `locator` is visible.</doc>
<msg timestamp="20250725 22:01:51.391" level="INFO">xpath criteria: //android.widget.FrameLayout[@resource-id="android:id/content"]/android.widget.FrameLayout/android.view.View/android.view.View/android.view.View/android.view.View/android.widget.EditText[1]</msg>
<status status="PASS" starttime="20250725 22:01:51.350" endtime="20250725 22:01:51.391"/>
</kw>
<kw name="Click Element" library="AppiumLibrary">
<arg>${xpath_locator}</arg>
<doc>Click element identified by `locator`.</doc>
<msg timestamp="20250725 22:01:51.392" level="INFO">Clicking element '//android.widget.FrameLayout[@resource-id="android:id/content"]/android.widget.FrameLayout/android.view.View/android.view.View/android.view.View/android.view.View/android.widget.EditText[1]'.</msg>
<msg timestamp="20250725 22:01:51.474" level="INFO">xpath criteria: //android.widget.FrameLayout[@resource-id="android:id/content"]/android.widget.FrameLayout/android.view.View/android.view.View/android.view.View/android.view.View/android.widget.EditText[1]</msg>
<status status="PASS" starttime="20250725 22:01:51.391" endtime="20250725 22:01:51.474"/>
</kw>
<kw name="Input Text" library="AppiumLibrary">
<arg>${xpath_locator}</arg>
<arg>${text_to_fill}</arg>
<doc>Types the given `text` into text field identified by `locator`.</doc>
<msg timestamp="20250725 22:01:51.478" level="INFO">Typing text 'johnd' into text field '//android.widget.FrameLayout[@resource-id="android:id/content"]/android.widget.FrameLayout/android.view.View/android.view.View/android.view.View/android.view.View/android.widget.EditText[1]'</msg>
<msg timestamp="20250725 22:01:52.832" level="INFO">xpath criteria: //android.widget.FrameLayout[@resource-id="android:id/content"]/android.widget.FrameLayout/android.view.View/android.view.View/android.view.View/android.view.View/android.widget.EditText[1]</msg>
<status status="PASS" starttime="20250725 22:01:51.474" endtime="20250725 22:01:52.832"/>
</kw>
<status status="PASS" starttime="20250725 22:01:51.350" endtime="20250725 22:01:52.832"/>
</kw>
<kw name="Fill Input By XPath" library="common_keywords">
<arg>${PASSWORD_INPUT}</arg>
<arg>${password}</arg>
<kw name="Wait Until Element Is Visible" library="AppiumLibrary">
<arg>${xpath_locator}</arg>
<arg>timeout=${DEFAULT_WAIT_TIME}</arg>
<doc>Waits until element specified with `locator` is visible.</doc>
<msg timestamp="20250725 22:01:53.347" level="INFO">xpath criteria: //android.widget.FrameLayout[@resource-id="android:id/content"]/android.widget.FrameLayout/android.view.View/android.view.View/android.view.View/android.view.View/android.widget.EditText[2]</msg>
<status status="PASS" starttime="20250725 22:01:52.832" endtime="20250725 22:01:53.347"/>
</kw>
<kw name="Click Element" library="AppiumLibrary">
<arg>${xpath_locator}</arg>
<doc>Click element identified by `locator`.</doc>
<msg timestamp="20250725 22:01:53.349" level="INFO">Clicking element '//android.widget.FrameLayout[@resource-id="android:id/content"]/android.widget.FrameLayout/android.view.View/android.view.View/android.view.View/android.view.View/android.widget.EditText[2]'.</msg>
<msg timestamp="20250725 22:01:54.084" level="INFO">xpath criteria: //android.widget.FrameLayout[@resource-id="android:id/content"]/android.widget.FrameLayout/android.view.View/android.view.View/android.view.View/android.view.View/android.widget.EditText[2]</msg>
<status status="PASS" starttime="20250725 22:01:53.347" endtime="20250725 22:01:54.084"/>
</kw>
<kw name="Input Text" library="AppiumLibrary">
<arg>${xpath_locator}</arg>
<arg>${text_to_fill}</arg>
<doc>Types the given `text` into text field identified by `locator`.</doc>
<msg timestamp="20250725 22:01:54.088" level="INFO">Typing text 'm38rmF$' into text field '//android.widget.FrameLayout[@resource-id="android:id/content"]/android.widget.FrameLayout/android.view.View/android.view.View/android.view.View/android.view.View/android.widget.EditText[2]'</msg>
<msg timestamp="20250725 22:01:54.127" level="INFO">xpath criteria: //android.widget.FrameLayout[@resource-id="android:id/content"]/android.widget.FrameLayout/android.view.View/android.view.View/android.view.View/android.view.View/android.widget.EditText[2]</msg>
<status status="PASS" starttime="20250725 22:01:54.084" endtime="20250725 22:01:54.127"/>
</kw>
<status status="PASS" starttime="20250725 22:01:52.832" endtime="20250725 22:01:54.127"/>
</kw>
<kw name="Wait And Click" library="common_keywords">
<arg>${LOGIN_BUTTON}</arg>
<kw name="Wait Until Element Is Visible" library="AppiumLibrary">
<arg>${locator}</arg>
<doc>Waits until element specified with `locator` is visible.</doc>
<msg timestamp="20250725 22:01:54.648" level="INFO">xpath criteria: //android.widget.Button[@content-desc="Se connecter"]</msg>
<status status="PASS" starttime="20250725 22:01:54.127" endtime="20250725 22:01:54.648"/>
</kw>
<kw name="Click Element" library="AppiumLibrary">
<arg>${locator}</arg>
<doc>Click element identified by `locator`.</doc>
<msg timestamp="20250725 22:01:54.650" level="INFO">Clicking element '//android.widget.Button[@content-desc="Se connecter"]'.</msg>
<msg timestamp="20250725 22:01:55.214" level="INFO">xpath criteria: //android.widget.Button[@content-desc="Se connecter"]</msg>
<status status="PASS" starttime="20250725 22:01:54.648" endtime="20250725 22:01:55.214"/>
</kw>
<status status="PASS" starttime="20250725 22:01:54.127" endtime="20250725 22:01:55.214"/>
</kw>
<status status="PASS" starttime="20250725 22:01:50.483" endtime="20250725 22:01:55.214"/>
</kw>
<kw name="Verify Product Creation Page Displayed" library="common_keywords">
<kw name="Wait Until Element Is Visible" library="AppiumLibrary">
<arg>${PRODUCT_CREATION_TITLE}</arg>
<arg>timeout=${DEFAULT_WAIT_TIME}</arg>
<doc>Waits until element specified with `locator` is visible.</doc>
<msg timestamp="20250725 22:01:57.461" level="INFO">xpath criteria: //android.view.View[@content-desc="Ajouter un produit"]
xpath criteria: //android.view.View[@content-desc="Ajouter un produit"]
xpath criteria: //android.view.View[@content-desc="Ajouter un produit"]
xpath criteria: //android.view.View[@content-desc="Ajouter un produit"]
xpath criteria: //android.view.View[@content-desc="Ajouter un produit"]
xpath criteria: //android.view.View[@content-desc="Ajouter un produit"]
xpath criteria: //android.view.View[@content-desc="Ajouter un produit"]
xpath criteria: //android.view.View[@content-desc="Ajouter un produit"]</msg>
<status status="PASS" starttime="20250725 22:01:55.214" endtime="20250725 22:01:57.461"/>
</kw>
<kw name="Page Should Contain Text" library="AppiumLibrary">
<arg>Titre</arg>
<doc>Verifies that current page contains `text`.</doc>
<msg timestamp="20250725 22:01:57.486" level="INFO">Current page contains text 'Titre'.</msg>
<status status="PASS" starttime="20250725 22:01:57.461" endtime="20250725 22:01:57.486"/>
</kw>
<kw name="Page Should Contain Text" library="AppiumLibrary">
<arg>Prix</arg>
<doc>Verifies that current page contains `text`.</doc>
<msg timestamp="20250725 22:01:57.510" level="INFO">Current page contains text 'Prix'.</msg>
<status status="PASS" starttime="20250725 22:01:57.486" endtime="20250725 22:01:57.511"/>
</kw>
<kw name="Page Should Contain Text" library="AppiumLibrary">
<arg>Description</arg>
<doc>Verifies that current page contains `text`.</doc>
<msg timestamp="20250725 22:01:57.531" level="INFO">Current page contains text 'Description'.</msg>
<status status="PASS" starttime="20250725 22:01:57.511" endtime="20250725 22:01:57.531"/>
</kw>
<kw name="Page Should Contain Text" library="AppiumLibrary">
<arg>Catégorie</arg>
<doc>Verifies that current page contains `text`.</doc>
<msg timestamp="20250725 22:01:57.554" level="INFO">Current page contains text 'Catégorie'.</msg>
<status status="PASS" starttime="20250725 22:01:57.531" endtime="20250725 22:01:57.554"/>
</kw>
<kw name="Page Should Contain Text" library="AppiumLibrary">
<arg>Image URL</arg>
<doc>Verifies that current page contains `text`.</doc>
<msg timestamp="20250725 22:01:57.581" level="INFO">Current page contains text 'Image URL'.</msg>
<status status="PASS" starttime="20250725 22:01:57.554" endtime="20250725 22:01:57.581"/>
</kw>
<status status="PASS" starttime="20250725 22:01:55.214" endtime="20250725 22:01:57.581"/>
</kw>
<status status="PASS" starttime="20250725 22:01:46.228" endtime="20250725 22:01:57.581"/>
</kw>
<kw name="Fill Product Details" library="common_keywords">
<arg>${VALID_PRODUCT_TITLE}</arg>
<arg>${VALID_PRODUCT_PRICE}</arg>
<arg>${VALID_PRODUCT_DESCRIPTION}</arg>
<arg>${VALID_PRODUCT_CATEGORY}</arg>
<arg>${VALID_PRODUCT_IMAGE_URL}</arg>
<kw name="Fill Input By XPath" library="common_keywords">
<arg>${PRODUCT_TITLE_INPUT}</arg>
<arg>${title}</arg>
<kw name="Wait Until Element Is Visible" library="AppiumLibrary">
<arg>${xpath_locator}</arg>
<arg>timeout=${DEFAULT_WAIT_TIME}</arg>
<doc>Waits until element specified with `locator` is visible.</doc>
<msg timestamp="20250725 22:01:57.638" level="INFO">xpath criteria: //android.widget.FrameLayout[@resource-id="android:id/content"]/android.widget.FrameLayout/android.view.View/android.view.View/android.view.View/android.view.View/android.view.View[2]/android.view.View/android.widget.EditText[1]</msg>
<status status="PASS" starttime="20250725 22:01:57.582" endtime="20250725 22:01:57.638"/>
</kw>
<kw name="Click Element" library="AppiumLibrary">
<arg>${xpath_locator}</arg>
<doc>Click element identified by `locator`.</doc>
<msg timestamp="20250725 22:01:57.640" level="INFO">Clicking element '//android.widget.FrameLayout[@resource-id="android:id/content"]/android.widget.FrameLayout/android.view.View/android.view.View/android.view.View/android.view.View/android.view.View[2]/android.view.View/android.widget.EditText[1]'.</msg>
<msg timestamp="20250725 22:01:58.878" level="INFO">xpath criteria: //android.widget.FrameLayout[@resource-id="android:id/content"]/android.widget.FrameLayout/android.view.View/android.view.View/android.view.View/android.view.View/android.view.View[2]/android.view.View/android.widget.EditText[1]</msg>
<status status="PASS" starttime="20250725 22:01:57.638" endtime="20250725 22:01:58.878"/>
</kw>
<kw name="Input Text" library="AppiumLibrary">
<arg>${xpath_locator}</arg>
<arg>${text_to_fill}</arg>
<doc>Types the given `text` into text field identified by `locator`.</doc>
<msg timestamp="20250725 22:01:58.882" level="INFO">Typing text 'DANVOUY Womens T Shirt Casual Cotton Short' into text field '//android.widget.FrameLayout[@resource-id="android:id/content"]/android.widget.FrameLayout/android.view.View/android.view.View/android.view.View/android.view.View/android.view.View[2]/android.view.View/android.widget.EditText[1]'</msg>
<msg timestamp="20250725 22:01:58.937" level="INFO">xpath criteria: //android.widget.FrameLayout[@resource-id="android:id/content"]/android.widget.FrameLayout/android.view.View/android.view.View/android.view.View/android.view.View/android.view.View[2]/android.view.View/android.widget.EditText[1]</msg>
<status status="PASS" starttime="20250725 22:01:58.878" endtime="20250725 22:01:58.937"/>
</kw>
<status status="PASS" starttime="20250725 22:01:57.582" endtime="20250725 22:01:58.937"/>
</kw>
<kw name="Fill Input By XPath" library="common_keywords">
<arg>${PRODUCT_PRICE_INPUT}</arg>
<arg>${price}</arg>
<kw name="Wait Until Element Is Visible" library="AppiumLibrary">
<arg>${xpath_locator}</arg>
<arg>timeout=${DEFAULT_WAIT_TIME}</arg>
<doc>Waits until element specified with `locator` is visible.</doc>
<msg timestamp="20250725 22:01:59.451" level="INFO">xpath criteria: //android.widget.FrameLayout[@resource-id="android:id/content"]/android.widget.FrameLayout/android.view.View/android.view.View/android.view.View/android.view.View/android.view.View[2]/android.view.View/android.widget.EditText[2]</msg>
<status status="PASS" starttime="20250725 22:01:58.938" endtime="20250725 22:01:59.452"/>
</kw>
<kw name="Click Element" library="AppiumLibrary">
<arg>${xpath_locator}</arg>
<doc>Click element identified by `locator`.</doc>
<msg timestamp="20250725 22:01:59.454" level="INFO">Clicking element '//android.widget.FrameLayout[@resource-id="android:id/content"]/android.widget.FrameLayout/android.view.View/android.view.View/android.view.View/android.view.View/android.view.View[2]/android.view.View/android.widget.EditText[2]'.</msg>
<msg timestamp="20250725 22:02:00.128" level="INFO">xpath criteria: //android.widget.FrameLayout[@resource-id="android:id/content"]/android.widget.FrameLayout/android.view.View/android.view.View/android.view.View/android.view.View/android.view.View[2]/android.view.View/android.widget.EditText[2]</msg>
<status status="PASS" starttime="20250725 22:01:59.452" endtime="20250725 22:02:00.128"/>
</kw>
<kw name="Input Text" library="AppiumLibrary">
<arg>${xpath_locator}</arg>
<arg>${text_to_fill}</arg>
<doc>Types the given `text` into text field identified by `locator`.</doc>
<msg timestamp="20250725 22:02:00.133" level="INFO">Typing text '12.99' into text field '//android.widget.FrameLayout[@resource-id="android:id/content"]/android.widget.FrameLayout/android.view.View/android.view.View/android.view.View/android.view.View/android.view.View[2]/android.view.View/android.widget.EditText[2]'</msg>
<msg timestamp="20250725 22:02:00.176" level="INFO">xpath criteria: //android.widget.FrameLayout[@resource-id="android:id/content"]/android.widget.FrameLayout/android.view.View/android.view.View/android.view.View/android.view.View/android.view.View[2]/android.view.View/android.widget.EditText[2]</msg>
<status status="PASS" starttime="20250725 22:02:00.129" endtime="20250725 22:02:00.176"/>
</kw>
<status status="PASS" starttime="20250725 22:01:58.937" endtime="20250725 22:02:00.176"/>
</kw>
<kw name="Fill Input By XPath" library="common_keywords">
<arg>${PRODUCT_DESCRIPTION_INPUT}</arg>
<arg>${description}</arg>
<kw name="Wait Until Element Is Visible" library="AppiumLibrary">
<arg>${xpath_locator}</arg>
<arg>timeout=${DEFAULT_WAIT_TIME}</arg>
<doc>Waits until element specified with `locator` is visible.</doc>
<msg timestamp="20250725 22:02:00.703" level="INFO">xpath criteria: //android.widget.FrameLayout[@resource-id="android:id/content"]/android.widget.FrameLayout/android.view.View/android.view.View/android.view.View/android.view.View/android.view.View[2]/android.view.View/android.widget.EditText[3]</msg>
<status status="PASS" starttime="20250725 22:02:00.177" endtime="20250725 22:02:00.703"/>
</kw>
<kw name="Click Element" library="AppiumLibrary">
<arg>${xpath_locator}</arg>
<doc>Click element identified by `locator`.</doc>
<msg timestamp="20250725 22:02:00.707" level="INFO">Clicking element '//android.widget.FrameLayout[@resource-id="android:id/content"]/android.widget.FrameLayout/android.view.View/android.view.View/android.view.View/android.view.View/android.view.View[2]/android.view.View/android.widget.EditText[3]'.</msg>
<msg timestamp="20250725 22:02:01.390" level="INFO">xpath criteria: //android.widget.FrameLayout[@resource-id="android:id/content"]/android.widget.FrameLayout/android.view.View/android.view.View/android.view.View/android.view.View/android.view.View[2]/android.view.View/android.widget.EditText[3]</msg>
<status status="PASS" starttime="20250725 22:02:00.703" endtime="20250725 22:02:01.390"/>
</kw>
<kw name="Input Text" library="AppiumLibrary">
<arg>${xpath_locator}</arg>
<arg>${text_to_fill}</arg>
<doc>Types the given `text` into text field identified by `locator`.</doc>
<msg timestamp="20250725 22:02:01.395" level="INFO">Typing text '95%Cotton,5%Spandex, Features: Casual, Short Sleeve, Letter Print,V-Neck,Fashion Tees, The fabric is soft and has some stretch., Occasion: Casual/Office/Beach/School/Home/Street. Season: Spring,Summer,Autumn,Winter.' into text field '//android.widget.FrameLayout[@resource-id="android:id/content"]/android.widget.FrameLayout/android.view.View/android.view.View/android.view.View/android.view.View/android.view.View[2]/android.view.View/android.widget.EditText[3]'</msg>
<msg timestamp="20250725 22:02:01.479" level="INFO">xpath criteria: //android.widget.FrameLayout[@resource-id="android:id/content"]/android.widget.FrameLayout/android.view.View/android.view.View/android.view.View/android.view.View/android.view.View[2]/android.view.View/android.widget.EditText[3]</msg>
<status status="PASS" starttime="20250725 22:02:01.390" endtime="20250725 22:02:01.479"/>
</kw>
<status status="PASS" starttime="20250725 22:02:00.177" endtime="20250725 22:02:01.479"/>
</kw>
<kw name="Fill Input By XPath" library="common_keywords">
<arg>${PRODUCT_CATEGORY_INPUT}</arg>
<arg>${category}</arg>
<kw name="Wait Until Element Is Visible" library="AppiumLibrary">
<arg>${xpath_locator}</arg>
<arg>timeout=${DEFAULT_WAIT_TIME}</arg>
<doc>Waits until element specified with `locator` is visible.</doc>
<msg timestamp="20250725 22:02:02.133" level="INFO">xpath criteria: //android.widget.FrameLayout[@resource-id="android:id/content"]/android.widget.FrameLayout/android.view.View/android.view.View/android.view.View/android.view.View/android.view.View[2]/android.view.View/android.widget.EditText[4]</msg>
<status status="PASS" starttime="20250725 22:02:01.480" endtime="20250725 22:02:02.133"/>
</kw>
<kw name="Click Element" library="AppiumLibrary">
<arg>${xpath_locator}</arg>
<doc>Click element identified by `locator`.</doc>
<msg timestamp="20250725 22:02:02.138" level="INFO">Clicking element '//android.widget.FrameLayout[@resource-id="android:id/content"]/android.widget.FrameLayout/android.view.View/android.view.View/android.view.View/android.view.View/android.view.View[2]/android.view.View/android.widget.EditText[4]'.</msg>
<msg timestamp="20250725 22:02:02.807" level="INFO">xpath criteria: //android.widget.FrameLayout[@resource-id="android:id/content"]/android.widget.FrameLayout/android.view.View/android.view.View/android.view.View/android.view.View/android.view.View[2]/android.view.View/android.widget.EditText[4]</msg>
<status status="PASS" starttime="20250725 22:02:02.133" endtime="20250725 22:02:02.808"/>
</kw>
<kw name="Input Text" library="AppiumLibrary">
<arg>${xpath_locator}</arg>
<arg>${text_to_fill}</arg>
<doc>Types the given `text` into text field identified by `locator`.</doc>
<msg timestamp="20250725 22:02:02.811" level="INFO">Typing text 'women's clothing' into text field '//android.widget.FrameLayout[@resource-id="android:id/content"]/android.widget.FrameLayout/android.view.View/android.view.View/android.view.View/android.view.View/android.view.View[2]/android.view.View/android.widget.EditText[4]'</msg>
<msg timestamp="20250725 22:02:02.855" level="INFO">xpath criteria: //android.widget.FrameLayout[@resource-id="android:id/content"]/android.widget.FrameLayout/android.view.View/android.view.View/android.view.View/android.view.View/android.view.View[2]/android.view.View/android.widget.EditText[4]</msg>
<status status="PASS" starttime="20250725 22:02:02.808" endtime="20250725 22:02:02.855"/>
</kw>
<status status="PASS" starttime="20250725 22:02:01.480" endtime="20250725 22:02:02.855"/>
</kw>
<kw name="Fill Input By XPath" library="common_keywords">
<arg>${PRODUCT_IMAGE_URL_INPUT}</arg>
<arg>${image_url}</arg>
<kw name="Wait Until Element Is Visible" library="AppiumLibrary">
<arg>${xpath_locator}</arg>
<arg>timeout=${DEFAULT_WAIT_TIME}</arg>
<doc>Waits until element specified with `locator` is visible.</doc>
<msg timestamp="20250725 22:02:03.398" level="INFO">xpath criteria: //android.widget.FrameLayout[@resource-id="android:id/content"]/android.widget.FrameLayout/android.view.View/android.view.View/android.view.View/android.view.View/android.view.View[2]/android.view.View/android.widget.EditText[5]</msg>
<status status="PASS" starttime="20250725 22:02:02.856" endtime="20250725 22:02:03.398"/>
</kw>
<kw name="Click Element" library="AppiumLibrary">
<arg>${xpath_locator}</arg>
<doc>Click element identified by `locator`.</doc>
<msg timestamp="20250725 22:02:03.399" level="INFO">Clicking element '//android.widget.FrameLayout[@resource-id="android:id/content"]/android.widget.FrameLayout/android.view.View/android.view.View/android.view.View/android.view.View/android.view.View[2]/android.view.View/android.widget.EditText[5]'.</msg>
<msg timestamp="20250725 22:02:04.083" level="INFO">xpath criteria: //android.widget.FrameLayout[@resource-id="android:id/content"]/android.widget.FrameLayout/android.view.View/android.view.View/android.view.View/android.view.View/android.view.View[2]/android.view.View/android.widget.EditText[5]</msg>
<status status="PASS" starttime="20250725 22:02:03.398" endtime="20250725 22:02:04.084"/>
</kw>
<kw name="Input Text" library="AppiumLibrary">
<arg>${xpath_locator}</arg>
<arg>${text_to_fill}</arg>
<doc>Types the given `text` into text field identified by `locator`.</doc>
<msg timestamp="20250725 22:02:04.090" level="INFO">Typing text 'https://fakestoreapi.com/img/61pHAEJ4NML._AC_UX679_.jpg' into text field '//android.widget.FrameLayout[@resource-id="android:id/content"]/android.widget.FrameLayout/android.view.View/android.view.View/android.view.View/android.view.View/android.view.View[2]/android.view.View/android.widget.EditText[5]'</msg>
<msg timestamp="20250725 22:02:04.135" level="INFO">xpath criteria: //android.widget.FrameLayout[@resource-id="android:id/content"]/android.widget.FrameLayout/android.view.View/android.view.View/android.view.View/android.view.View/android.view.View[2]/android.view.View/android.widget.EditText[5]</msg>
<status status="PASS" starttime="20250725 22:02:04.084" endtime="20250725 22:02:04.135"/>
</kw>
<status status="PASS" starttime="20250725 22:02:02.856" endtime="20250725 22:02:04.135"/>
</kw>
<kw name="Click Element" library="AppiumLibrary">
<arg>${ADD_PRODUCT_BUTTON}</arg>
<doc>Click element identified by `locator`.</doc>
<msg timestamp="20250725 22:02:04.137" level="INFO">Clicking element '//android.widget.Button[@content-desc="Ajouter"]'.</msg>
<msg timestamp="20250725 22:02:05.312" level="INFO">xpath criteria: //android.widget.Button[@content-desc="Ajouter"]</msg>
<status status="PASS" starttime="20250725 22:02:04.135" endtime="20250725 22:02:05.312"/>
</kw>
<status status="PASS" starttime="20250725 22:01:57.581" endtime="20250725 22:02:05.312"/>
</kw>
<kw name="Close My Application" library="common_keywords" type="TEARDOWN">
<kw name="Close Application" library="AppiumLibrary">
<doc>Closes the current application and also close webdriver session.</doc>
<status status="PASS" starttime="20250725 22:02:05.313" endtime="20250725 22:02:05.695"/>
</kw>
<status status="PASS" starttime="20250725 22:02:05.312" endtime="20250725 22:02:05.695"/>
</kw>
<tag>ProductCreation</tag>
<status status="PASS" starttime="20250725 22:01:46.228" endtime="20250725 22:02:05.695"/>
</test>
<test id="s1-t2" name="Should Not Add Product With Missing Title" line="26">
<kw name="Open And Login To Application" library="common_keywords" type="SETUP">
<kw name="Open My Application" library="common_keywords">
<kw name="Create Dictionary" library="BuiltIn">
<var>${desired_caps}</var>
<arg>platformName=Android</arg>
<arg>platformVersion=16</arg>
<arg>deviceName=Medium Phone API 36</arg>
<arg>automationName=UiAutomator2</arg>
<arg>app=/home/mohamed/Documents/ISI_Courses/QA_Test/EXAMEN_QA_TEST/lab4_mobile/app-looma.apk</arg>
<arg>noReset=${False}</arg>
<arg>appPackage=sn.sonatel.dsi.moussa.wade.moussawade</arg>
<arg>appActivity=sn.sonatel.dsi.moussa.wade.moussawade.MainActivity</arg>
<doc>Creates and returns a dictionary based on the given ``items``.</doc>
<msg timestamp="20250725 22:02:05.697" level="INFO">${desired_caps} = {'platformName': 'Android', 'platformVersion': '16', 'deviceName': 'Medium Phone API 36', 'automationName': 'UiAutomator2', 'app': '/home/mohamed/Documents/ISI_Courses/QA_Test/EXAMEN_QA_TEST/lab4_mobi...</msg>
<status status="PASS" starttime="20250725 22:02:05.696" endtime="20250725 22:02:05.697"/>
</kw>
<kw name="Open Application" library="AppiumLibrary">
<arg>http://localhost:4723</arg>
<arg>&amp;{desired_caps}</arg>
<arg>strict_ssl=False</arg>
<doc>Opens a new application to given Appium server.
Capabilities of appium server, Android and iOS,
Please check https://github.com/appium/appium/blob/master/docs/en/writing-running-appium/server-args.md
| *Option*            | *Man.* | *Description*     |
| remote_url          | Yes    | Appium server url |
| alias               | no     | alias             |
| strict_ssl          | No     | allows you to send commands to an invalid certificate host like a self-signed one. |</doc>
<status status="PASS" starttime="20250725 22:02:05.697" endtime="20250725 22:02:09.520"/>
</kw>
<kw name="Set Appium Timeout" library="AppiumLibrary">
<arg>30 seconds</arg>
<doc>Sets the timeout in seconds used by various keywords.</doc>
<status status="PASS" starttime="20250725 22:02:09.520" endtime="20250725 22:02:09.520"/>
</kw>
<status status="PASS" starttime="20250725 22:02:05.696" endtime="20250725 22:02:09.520"/>
</kw>
<kw name="Login" library="common_keywords">
<arg>${VALID_USERNAME}</arg>
<arg>${VALID_PASSWORD}</arg>
<kw name="Wait Until Page Contains Element" library="AppiumLibrary">
<arg>${USERNAME_INPUT}</arg>
<arg>timeout=${DEFAULT_WAIT_TIME}</arg>
<doc>Waits until element specified with `locator` appears on current page.</doc>
<msg timestamp="20250725 22:02:10.632" level="INFO">xpath criteria: //android.widget.FrameLayout[@resource-id="android:id/content"]/android.widget.FrameLayout/android.view.View/android.view.View/android.view.View/android.view.View/android.widget.EditText[1]</msg>
<status status="PASS" starttime="20250725 22:02:09.521" endtime="20250725 22:02:10.632"/>
</kw>
<kw name="Wait Until Page Contains Element" library="AppiumLibrary">
<arg>${PASSWORD_INPUT}</arg>
<arg>timeout=${DEFAULT_WAIT_TIME}</arg>
<doc>Waits until element specified with `locator` appears on current page.</doc>
<msg timestamp="20250725 22:02:10.657" level="INFO">xpath criteria: //android.widget.FrameLayout[@resource-id="android:id/content"]/android.widget.FrameLayout/android.view.View/android.view.View/android.view.View/android.view.View/android.widget.EditText[2]</msg>
<status status="PASS" starttime="20250725 22:02:10.632" endtime="20250725 22:02:10.657"/>
</kw>
<kw name="Wait Until Page Contains Element" library="AppiumLibrary">
<arg>${LOGIN_BUTTON}</arg>
<arg>timeout=${DEFAULT_WAIT_TIME}</arg>
<doc>Waits until element specified with `locator` appears on current page.</doc>
<msg timestamp="20250725 22:02:10.684" level="INFO">xpath criteria: //android.widget.Button[@content-desc="Se connecter"]</msg>
<status status="PASS" starttime="20250725 22:02:10.657" endtime="20250725 22:02:10.684"/>
</kw>
<kw name="Fill Input By XPath" library="common_keywords">
<arg>${USERNAME_INPUT}</arg>
<arg>${username}</arg>
<kw name="Wait Until Element Is Visible" library="AppiumLibrary">
<arg>${xpath_locator}</arg>
<arg>timeout=${DEFAULT_WAIT_TIME}</arg>
<doc>Waits until element specified with `locator` is visible.</doc>
<msg timestamp="20250725 22:02:10.730" level="INFO">xpath criteria: //android.widget.FrameLayout[@resource-id="android:id/content"]/android.widget.FrameLayout/android.view.View/android.view.View/android.view.View/android.view.View/android.widget.EditText[1]</msg>
<status status="PASS" starttime="20250725 22:02:10.684" endtime="20250725 22:02:10.730"/>
</kw>
<kw name="Click Element" library="AppiumLibrary">
<arg>${xpath_locator}</arg>
<doc>Click element identified by `locator`.</doc>
<msg timestamp="20250725 22:02:10.732" level="INFO">Clicking element '//android.widget.FrameLayout[@resource-id="android:id/content"]/android.widget.FrameLayout/android.view.View/android.view.View/android.view.View/android.view.View/android.widget.EditText[1]'.</msg>
<msg timestamp="20250725 22:02:10.822" level="INFO">xpath criteria: //android.widget.FrameLayout[@resource-id="android:id/content"]/android.widget.FrameLayout/android.view.View/android.view.View/android.view.View/android.view.View/android.widget.EditText[1]</msg>
<status status="PASS" starttime="20250725 22:02:10.730" endtime="20250725 22:02:10.822"/>
</kw>
<kw name="Input Text" library="AppiumLibrary">
<arg>${xpath_locator}</arg>
<arg>${text_to_fill}</arg>
<doc>Types the given `text` into text field identified by `locator`.</doc>
<msg timestamp="20250725 22:02:10.827" level="INFO">Typing text 'johnd' into text field '//android.widget.FrameLayout[@resource-id="android:id/content"]/android.widget.FrameLayout/android.view.View/android.view.View/android.view.View/android.view.View/android.widget.EditText[1]'</msg>
<msg timestamp="20250725 22:02:12.078" level="INFO">xpath criteria: //android.widget.FrameLayout[@resource-id="android:id/content"]/android.widget.FrameLayout/android.view.View/android.view.View/android.view.View/android.view.View/android.widget.EditText[1]</msg>
<status status="PASS" starttime="20250725 22:02:10.823" endtime="20250725 22:02:12.078"/>
</kw>
<status status="PASS" starttime="20250725 22:02:10.684" endtime="20250725 22:02:12.078"/>
</kw>
<kw name="Fill Input By XPath" library="common_keywords">
<arg>${PASSWORD_INPUT}</arg>
<arg>${password}</arg>
<kw name="Wait Until Element Is Visible" library="AppiumLibrary">
<arg>${xpath_locator}</arg>
<arg>timeout=${DEFAULT_WAIT_TIME}</arg>
<doc>Waits until element specified with `locator` is visible.</doc>
<msg timestamp="20250725 22:02:12.602" level="INFO">xpath criteria: //android.widget.FrameLayout[@resource-id="android:id/content"]/android.widget.FrameLayout/android.view.View/android.view.View/android.view.View/android.view.View/android.widget.EditText[2]</msg>
<status status="PASS" starttime="20250725 22:02:12.079" endtime="20250725 22:02:12.602"/>
</kw>
<kw name="Click Element" library="AppiumLibrary">
<arg>${xpath_locator}</arg>
<doc>Click element identified by `locator`.</doc>
<msg timestamp="20250725 22:02:12.605" level="INFO">Clicking element '//android.widget.FrameLayout[@resource-id="android:id/content"]/android.widget.FrameLayout/android.view.View/android.view.View/android.view.View/android.view.View/android.widget.EditText[2]'.</msg>
<msg timestamp="20250725 22:02:13.300" level="INFO">xpath criteria: //android.widget.FrameLayout[@resource-id="android:id/content"]/android.widget.FrameLayout/android.view.View/android.view.View/android.view.View/android.view.View/android.widget.EditText[2]</msg>
<status status="PASS" starttime="20250725 22:02:12.602" endtime="20250725 22:02:13.301"/>
</kw>
<kw name="Input Text" library="AppiumLibrary">
<arg>${xpath_locator}</arg>
<arg>${text_to_fill}</arg>
<doc>Types the given `text` into text field identified by `locator`.</doc>
<msg timestamp="20250725 22:02:13.305" level="INFO">Typing text 'm38rmF$' into text field '//android.widget.FrameLayout[@resource-id="android:id/content"]/android.widget.FrameLayout/android.view.View/android.view.View/android.view.View/android.view.View/android.widget.EditText[2]'</msg>
<msg timestamp="20250725 22:02:13.352" level="INFO">xpath criteria: //android.widget.FrameLayout[@resource-id="android:id/content"]/android.widget.FrameLayout/android.view.View/android.view.View/android.view.View/android.view.View/android.widget.EditText[2]</msg>
<status status="PASS" starttime="20250725 22:02:13.301" endtime="20250725 22:02:13.352"/>
</kw>
<status status="PASS" starttime="20250725 22:02:12.078" endtime="20250725 22:02:13.352"/>
</kw>
<kw name="Wait And Click" library="common_keywords">
<arg>${LOGIN_BUTTON}</arg>
<kw name="Wait Until Element Is Visible" library="AppiumLibrary">
<arg>${locator}</arg>
<doc>Waits until element specified with `locator` is visible.</doc>
<msg timestamp="20250725 22:02:13.972" level="INFO">xpath criteria: //android.widget.Button[@content-desc="Se connecter"]</msg>
<status status="PASS" starttime="20250725 22:02:13.353" endtime="20250725 22:02:13.972"/>
</kw>
<kw name="Click Element" library="AppiumLibrary">
<arg>${locator}</arg>
<doc>Click element identified by `locator`.</doc>
<msg timestamp="20250725 22:02:13.976" level="INFO">Clicking element '//android.widget.Button[@content-desc="Se connecter"]'.</msg>
<msg timestamp="20250725 22:02:14.548" level="INFO">xpath criteria: //android.widget.Button[@content-desc="Se connecter"]</msg>
<status status="PASS" starttime="20250725 22:02:13.973" endtime="20250725 22:02:14.548"/>
</kw>
<status status="PASS" starttime="20250725 22:02:13.353" endtime="20250725 22:02:14.548"/>
</kw>
<status status="PASS" starttime="20250725 22:02:09.520" endtime="20250725 22:02:14.548"/>
</kw>
<kw name="Verify Product Creation Page Displayed" library="common_keywords">
<kw name="Wait Until Element Is Visible" library="AppiumLibrary">
<arg>${PRODUCT_CREATION_TITLE}</arg>
<arg>timeout=${DEFAULT_WAIT_TIME}</arg>
<doc>Waits until element specified with `locator` is visible.</doc>
<msg timestamp="20250725 22:02:16.132" level="INFO">xpath criteria: //android.view.View[@content-desc="Ajouter un produit"]
xpath criteria: //android.view.View[@content-desc="Ajouter un produit"]
xpath criteria: //android.view.View[@content-desc="Ajouter un produit"]
xpath criteria: //android.view.View[@content-desc="Ajouter un produit"]
xpath criteria: //android.view.View[@content-desc="Ajouter un produit"]</msg>
<status status="PASS" starttime="20250725 22:02:14.548" endtime="20250725 22:02:16.132"/>
</kw>
<kw name="Page Should Contain Text" library="AppiumLibrary">
<arg>Titre</arg>
<doc>Verifies that current page contains `text`.</doc>
<msg timestamp="20250725 22:02:16.158" level="INFO">Current page contains text 'Titre'.</msg>
<status status="PASS" starttime="20250725 22:02:16.133" endtime="20250725 22:02:16.158"/>
</kw>
<kw name="Page Should Contain Text" library="AppiumLibrary">
<arg>Prix</arg>
<doc>Verifies that current page contains `text`.</doc>
<msg timestamp="20250725 22:02:16.182" level="INFO">Current page contains text 'Prix'.</msg>
<status status="PASS" starttime="20250725 22:02:16.158" endtime="20250725 22:02:16.182"/>
</kw>
<kw name="Page Should Contain Text" library="AppiumLibrary">
<arg>Description</arg>
<doc>Verifies that current page contains `text`.</doc>
<msg timestamp="20250725 22:02:16.203" level="INFO">Current page contains text 'Description'.</msg>
<status status="PASS" starttime="20250725 22:02:16.182" endtime="20250725 22:02:16.203"/>
</kw>
<kw name="Page Should Contain Text" library="AppiumLibrary">
<arg>Catégorie</arg>
<doc>Verifies that current page contains `text`.</doc>
<msg timestamp="20250725 22:02:16.225" level="INFO">Current page contains text 'Catégorie'.</msg>
<status status="PASS" starttime="20250725 22:02:16.203" endtime="20250725 22:02:16.225"/>
</kw>
<kw name="Page Should Contain Text" library="AppiumLibrary">
<arg>Image URL</arg>
<doc>Verifies that current page contains `text`.</doc>
<msg timestamp="20250725 22:02:16.248" level="INFO">Current page contains text 'Image URL'.</msg>
<status status="PASS" starttime="20250725 22:02:16.225" endtime="20250725 22:02:16.248"/>
</kw>
<status status="PASS" starttime="20250725 22:02:14.548" endtime="20250725 22:02:16.248"/>
</kw>
<status status="PASS" starttime="20250725 22:02:05.696" endtime="20250725 22:02:16.248"/>
</kw>
<kw name="Fill Product Details" library="common_keywords">
<arg>${EMPTY}</arg>
<arg>${VALID_PRODUCT_PRICE}</arg>
<arg>${VALID_PRODUCT_DESCRIPTION}</arg>
<arg>${VALID_PRODUCT_CATEGORY}</arg>
<arg>${VALID_PRODUCT_IMAGE_URL}</arg>
<kw name="Fill Input By XPath" library="common_keywords">
<arg>${PRODUCT_TITLE_INPUT}</arg>
<arg>${title}</arg>
<kw name="Wait Until Element Is Visible" library="AppiumLibrary">
<arg>${xpath_locator}</arg>
<arg>timeout=${DEFAULT_WAIT_TIME}</arg>
<doc>Waits until element specified with `locator` is visible.</doc>
<msg timestamp="20250725 22:02:16.300" level="INFO">xpath criteria: //android.widget.FrameLayout[@resource-id="android:id/content"]/android.widget.FrameLayout/android.view.View/android.view.View/android.view.View/android.view.View/android.view.View[2]/android.view.View/android.widget.EditText[1]</msg>
<status status="PASS" starttime="20250725 22:02:16.250" endtime="20250725 22:02:16.300"/>
</kw>
<kw name="Click Element" library="AppiumLibrary">
<arg>${xpath_locator}</arg>
<doc>Click element identified by `locator`.</doc>
<msg timestamp="20250725 22:02:16.303" level="INFO">Clicking element '//android.widget.FrameLayout[@resource-id="android:id/content"]/android.widget.FrameLayout/android.view.View/android.view.View/android.view.View/android.view.View/android.view.View[2]/android.view.View/android.widget.EditText[1]'.</msg>
<msg timestamp="20250725 22:02:17.509" level="INFO">xpath criteria: //android.widget.FrameLayout[@resource-id="android:id/content"]/android.widget.FrameLayout/android.view.View/android.view.View/android.view.View/android.view.View/android.view.View[2]/android.view.View/android.widget.EditText[1]</msg>
<status status="PASS" starttime="20250725 22:02:16.300" endtime="20250725 22:02:17.509"/>
</kw>
<kw name="Input Text" library="AppiumLibrary">
<arg>${xpath_locator}</arg>
<arg>${text_to_fill}</arg>
<doc>Types the given `text` into text field identified by `locator`.</doc>
<msg timestamp="20250725 22:02:17.511" level="INFO">Typing text '' into text field '//android.widget.FrameLayout[@resource-id="android:id/content"]/android.widget.FrameLayout/android.view.View/android.view.View/android.view.View/android.view.View/android.view.View[2]/android.view.View/android.widget.EditText[1]'</msg>
<msg timestamp="20250725 22:02:17.561" level="INFO">xpath criteria: //android.widget.FrameLayout[@resource-id="android:id/content"]/android.widget.FrameLayout/android.view.View/android.view.View/android.view.View/android.view.View/android.view.View[2]/android.view.View/android.widget.EditText[1]</msg>
<status status="PASS" starttime="20250725 22:02:17.510" endtime="20250725 22:02:17.561"/>
</kw>
<status status="PASS" starttime="20250725 22:02:16.250" endtime="20250725 22:02:17.561"/>
</kw>
<kw name="Fill Input By XPath" library="common_keywords">
<arg>${PRODUCT_PRICE_INPUT}</arg>
<arg>${price}</arg>
<kw name="Wait Until Element Is Visible" library="AppiumLibrary">
<arg>${xpath_locator}</arg>
<arg>timeout=${DEFAULT_WAIT_TIME}</arg>
<doc>Waits until element specified with `locator` is visible.</doc>
<msg timestamp="20250725 22:02:17.600" level="INFO">xpath criteria: //android.widget.FrameLayout[@resource-id="android:id/content"]/android.widget.FrameLayout/android.view.View/android.view.View/android.view.View/android.view.View/android.view.View[2]/android.view.View/android.widget.EditText[2]</msg>
<status status="PASS" starttime="20250725 22:02:17.561" endtime="20250725 22:02:17.600"/>
</kw>
<kw name="Click Element" library="AppiumLibrary">
<arg>${xpath_locator}</arg>
<doc>Click element identified by `locator`.</doc>
<msg timestamp="20250725 22:02:17.604" level="INFO">Clicking element '//android.widget.FrameLayout[@resource-id="android:id/content"]/android.widget.FrameLayout/android.view.View/android.view.View/android.view.View/android.view.View/android.view.View[2]/android.view.View/android.widget.EditText[2]'.</msg>
<msg timestamp="20250725 22:02:18.291" level="INFO">xpath criteria: //android.widget.FrameLayout[@resource-id="android:id/content"]/android.widget.FrameLayout/android.view.View/android.view.View/android.view.View/android.view.View/android.view.View[2]/android.view.View/android.widget.EditText[2]</msg>
<status status="PASS" starttime="20250725 22:02:17.601" endtime="20250725 22:02:18.291"/>
</kw>
<kw name="Input Text" library="AppiumLibrary">
<arg>${xpath_locator}</arg>
<arg>${text_to_fill}</arg>
<doc>Types the given `text` into text field identified by `locator`.</doc>
<msg timestamp="20250725 22:02:18.292" level="INFO">Typing text '12.99' into text field '//android.widget.FrameLayout[@resource-id="android:id/content"]/android.widget.FrameLayout/android.view.View/android.view.View/android.view.View/android.view.View/android.view.View[2]/android.view.View/android.widget.EditText[2]'</msg>
<msg timestamp="20250725 22:02:18.333" level="INFO">xpath criteria: //android.widget.FrameLayout[@resource-id="android:id/content"]/android.widget.FrameLayout/android.view.View/android.view.View/android.view.View/android.view.View/android.view.View[2]/android.view.View/android.widget.EditText[2]</msg>
<status status="PASS" starttime="20250725 22:02:18.291" endtime="20250725 22:02:18.333"/>
</kw>
<status status="PASS" starttime="20250725 22:02:17.561" endtime="20250725 22:02:18.333"/>
</kw>
<kw name="Fill Input By XPath" library="common_keywords">
<arg>${PRODUCT_DESCRIPTION_INPUT}</arg>
<arg>${description}</arg>
<kw name="Wait Until Element Is Visible" library="AppiumLibrary">
<arg>${xpath_locator}</arg>
<arg>timeout=${DEFAULT_WAIT_TIME}</arg>
<doc>Waits until element specified with `locator` is visible.</doc>
<msg timestamp="20250725 22:02:18.851" level="INFO">xpath criteria: //android.widget.FrameLayout[@resource-id="android:id/content"]/android.widget.FrameLayout/android.view.View/android.view.View/android.view.View/android.view.View/android.view.View[2]/android.view.View/android.widget.EditText[3]</msg>
<status status="PASS" starttime="20250725 22:02:18.334" endtime="20250725 22:02:18.851"/>
</kw>
<kw name="Click Element" library="AppiumLibrary">
<arg>${xpath_locator}</arg>
<doc>Click element identified by `locator`.</doc>
<msg timestamp="20250725 22:02:18.853" level="INFO">Clicking element '//android.widget.FrameLayout[@resource-id="android:id/content"]/android.widget.FrameLayout/android.view.View/android.view.View/android.view.View/android.view.View/android.view.View[2]/android.view.View/android.widget.EditText[3]'.</msg>
<msg timestamp="20250725 22:02:19.536" level="INFO">xpath criteria: //android.widget.FrameLayout[@resource-id="android:id/content"]/android.widget.FrameLayout/android.view.View/android.view.View/android.view.View/android.view.View/android.view.View[2]/android.view.View/android.widget.EditText[3]</msg>
<status status="PASS" starttime="20250725 22:02:18.852" endtime="20250725 22:02:19.536"/>
</kw>
<kw name="Input Text" library="AppiumLibrary">
<arg>${xpath_locator}</arg>
<arg>${text_to_fill}</arg>
<doc>Types the given `text` into text field identified by `locator`.</doc>
<msg timestamp="20250725 22:02:19.541" level="INFO">Typing text '95%Cotton,5%Spandex, Features: Casual, Short Sleeve, Letter Print,V-Neck,Fashion Tees, The fabric is soft and has some stretch., Occasion: Casual/Office/Beach/School/Home/Street. Season: Spring,Summer,Autumn,Winter.' into text field '//android.widget.FrameLayout[@resource-id="android:id/content"]/android.widget.FrameLayout/android.view.View/android.view.View/android.view.View/android.view.View/android.view.View[2]/android.view.View/android.widget.EditText[3]'</msg>
<msg timestamp="20250725 22:02:19.589" level="INFO">xpath criteria: //android.widget.FrameLayout[@resource-id="android:id/content"]/android.widget.FrameLayout/android.view.View/android.view.View/android.view.View/android.view.View/android.view.View[2]/android.view.View/android.widget.EditText[3]</msg>
<status status="PASS" starttime="20250725 22:02:19.537" endtime="20250725 22:02:19.589"/>
</kw>
<status status="PASS" starttime="20250725 22:02:18.333" endtime="20250725 22:02:19.589"/>
</kw>
<kw name="Fill Input By XPath" library="common_keywords">
<arg>${PRODUCT_CATEGORY_INPUT}</arg>
<arg>${category}</arg>
<kw name="Wait Until Element Is Visible" library="AppiumLibrary">
<arg>${xpath_locator}</arg>
<arg>timeout=${DEFAULT_WAIT_TIME}</arg>
<doc>Waits until element specified with `locator` is visible.</doc>
<msg timestamp="20250725 22:02:20.272" level="INFO">xpath criteria: //android.widget.FrameLayout[@resource-id="android:id/content"]/android.widget.FrameLayout/android.view.View/android.view.View/android.view.View/android.view.View/android.view.View[2]/android.view.View/android.widget.EditText[4]</msg>
<status status="PASS" starttime="20250725 22:02:19.589" endtime="20250725 22:02:20.272"/>
</kw>
<kw name="Click Element" library="AppiumLibrary">
<arg>${xpath_locator}</arg>
<doc>Click element identified by `locator`.</doc>
<msg timestamp="20250725 22:02:20.274" level="INFO">Clicking element '//android.widget.FrameLayout[@resource-id="android:id/content"]/android.widget.FrameLayout/android.view.View/android.view.View/android.view.View/android.view.View/android.view.View[2]/android.view.View/android.widget.EditText[4]'.</msg>
<msg timestamp="20250725 22:02:20.963" level="INFO">xpath criteria: //android.widget.FrameLayout[@resource-id="android:id/content"]/android.widget.FrameLayout/android.view.View/android.view.View/android.view.View/android.view.View/android.view.View[2]/android.view.View/android.widget.EditText[4]</msg>
<status status="PASS" starttime="20250725 22:02:20.272" endtime="20250725 22:02:20.963"/>
</kw>
<kw name="Input Text" library="AppiumLibrary">
<arg>${xpath_locator}</arg>
<arg>${text_to_fill}</arg>
<doc>Types the given `text` into text field identified by `locator`.</doc>
<msg timestamp="20250725 22:02:20.964" level="INFO">Typing text 'women's clothing' into text field '//android.widget.FrameLayout[@resource-id="android:id/content"]/android.widget.FrameLayout/android.view.View/android.view.View/android.view.View/android.view.View/android.view.View[2]/android.view.View/android.widget.EditText[4]'</msg>
<msg timestamp="20250725 22:02:21.010" level="INFO">xpath criteria: //android.widget.FrameLayout[@resource-id="android:id/content"]/android.widget.FrameLayout/android.view.View/android.view.View/android.view.View/android.view.View/android.view.View[2]/android.view.View/android.widget.EditText[4]</msg>
<status status="PASS" starttime="20250725 22:02:20.963" endtime="20250725 22:02:21.010"/>
</kw>
<status status="PASS" starttime="20250725 22:02:19.589" endtime="20250725 22:02:21.010"/>
</kw>
<kw name="Fill Input By XPath" library="common_keywords">
<arg>${PRODUCT_IMAGE_URL_INPUT}</arg>
<arg>${image_url}</arg>
<kw name="Wait Until Element Is Visible" library="AppiumLibrary">
<arg>${xpath_locator}</arg>
<arg>timeout=${DEFAULT_WAIT_TIME}</arg>
<doc>Waits until element specified with `locator` is visible.</doc>
<msg timestamp="20250725 22:02:21.551" level="INFO">xpath criteria: //android.widget.FrameLayout[@resource-id="android:id/content"]/android.widget.FrameLayout/android.view.View/android.view.View/android.view.View/android.view.View/android.view.View[2]/android.view.View/android.widget.EditText[5]</msg>
<status status="PASS" starttime="20250725 22:02:21.011" endtime="20250725 22:02:21.551"/>
</kw>
<kw name="Click Element" library="AppiumLibrary">
<arg>${xpath_locator}</arg>
<doc>Click element identified by `locator`.</doc>
<msg timestamp="20250725 22:02:21.553" level="INFO">Clicking element '//android.widget.FrameLayout[@resource-id="android:id/content"]/android.widget.FrameLayout/android.view.View/android.view.View/android.view.View/android.view.View/android.view.View[2]/android.view.View/android.widget.EditText[5]'.</msg>
<msg timestamp="20250725 22:02:22.228" level="INFO">xpath criteria: //android.widget.FrameLayout[@resource-id="android:id/content"]/android.widget.FrameLayout/android.view.View/android.view.View/android.view.View/android.view.View/android.view.View[2]/android.view.View/android.widget.EditText[5]</msg>
<status status="PASS" starttime="20250725 22:02:21.552" endtime="20250725 22:02:22.228"/>
</kw>
<kw name="Input Text" library="AppiumLibrary">
<arg>${xpath_locator}</arg>
<arg>${text_to_fill}</arg>
<doc>Types the given `text` into text field identified by `locator`.</doc>
<msg timestamp="20250725 22:02:22.233" level="INFO">Typing text 'https://fakestoreapi.com/img/61pHAEJ4NML._AC_UX679_.jpg' into text field '//android.widget.FrameLayout[@resource-id="android:id/content"]/android.widget.FrameLayout/android.view.View/android.view.View/android.view.View/android.view.View/android.view.View[2]/android.view.View/android.widget.EditText[5]'</msg>
<msg timestamp="20250725 22:02:22.281" level="INFO">xpath criteria: //android.widget.FrameLayout[@resource-id="android:id/content"]/android.widget.FrameLayout/android.view.View/android.view.View/android.view.View/android.view.View/android.view.View[2]/android.view.View/android.widget.EditText[5]</msg>
<status status="PASS" starttime="20250725 22:02:22.229" endtime="20250725 22:02:22.282"/>
</kw>
<status status="PASS" starttime="20250725 22:02:21.010" endtime="20250725 22:02:22.282"/>
</kw>
<kw name="Click Element" library="AppiumLibrary">
<arg>${ADD_PRODUCT_BUTTON}</arg>
<doc>Click element identified by `locator`.</doc>
<msg timestamp="20250725 22:02:22.284" level="INFO">Clicking element '//android.widget.Button[@content-desc="Ajouter"]'.</msg>
<msg timestamp="20250725 22:02:23.479" level="INFO">xpath criteria: //android.widget.Button[@content-desc="Ajouter"]</msg>
<status status="PASS" starttime="20250725 22:02:22.282" endtime="20250725 22:02:23.479"/>
</kw>
<status status="PASS" starttime="20250725 22:02:16.248" endtime="20250725 22:02:23.479"/>
</kw>
<kw name="Verify Required Field Message" library="common_keywords">
<arg>${PRODUCT_TITLE_INPUT_ERROR}</arg>
<kw name="Wait Until Page Contains Element" library="AppiumLibrary">
<arg>${PRODUCT_INPUT_ERROR}</arg>
<doc>Waits until element specified with `locator` appears on current page.</doc>
<msg timestamp="20250725 22:02:23.523" level="INFO">xpath criteria: (//android.view.View[@content-desc="Obligatoire"])[1]</msg>
<status status="PASS" starttime="20250725 22:02:23.479" endtime="20250725 22:02:23.523"/>
</kw>
<status status="PASS" starttime="20250725 22:02:23.479" endtime="20250725 22:02:23.523"/>
</kw>
<kw name="Close My Application" library="common_keywords" type="TEARDOWN">
<kw name="Close Application" library="AppiumLibrary">
<doc>Closes the current application and also close webdriver session.</doc>
<status status="PASS" starttime="20250725 22:02:23.524" endtime="20250725 22:02:23.906"/>
</kw>
<status status="PASS" starttime="20250725 22:02:23.524" endtime="20250725 22:02:23.906"/>
</kw>
<tag>ProductCreation</tag>
<tag>Validation</tag>
<status status="PASS" starttime="20250725 22:02:05.695" endtime="20250725 22:02:23.907"/>
</test>
<test id="s1-t3" name="Should Not Add Product With Missing Price" line="31">
<kw name="Open And Login To Application" library="common_keywords" type="SETUP">
<kw name="Open My Application" library="common_keywords">
<kw name="Create Dictionary" library="BuiltIn">
<var>${desired_caps}</var>
<arg>platformName=Android</arg>
<arg>platformVersion=16</arg>
<arg>deviceName=Medium Phone API 36</arg>
<arg>automationName=UiAutomator2</arg>
<arg>app=/home/mohamed/Documents/ISI_Courses/QA_Test/EXAMEN_QA_TEST/lab4_mobile/app-looma.apk</arg>
<arg>noReset=${False}</arg>
<arg>appPackage=sn.sonatel.dsi.moussa.wade.moussawade</arg>
<arg>appActivity=sn.sonatel.dsi.moussa.wade.moussawade.MainActivity</arg>
<doc>Creates and returns a dictionary based on the given ``items``.</doc>
<msg timestamp="20250725 22:02:23.909" level="INFO">${desired_caps} = {'platformName': 'Android', 'platformVersion': '16', 'deviceName': 'Medium Phone API 36', 'automationName': 'UiAutomator2', 'app': '/home/mohamed/Documents/ISI_Courses/QA_Test/EXAMEN_QA_TEST/lab4_mobi...</msg>
<status status="PASS" starttime="20250725 22:02:23.908" endtime="20250725 22:02:23.909"/>
</kw>
<kw name="Open Application" library="AppiumLibrary">
<arg>http://localhost:4723</arg>
<arg>&amp;{desired_caps}</arg>
<arg>strict_ssl=False</arg>
<doc>Opens a new application to given Appium server.
Capabilities of appium server, Android and iOS,
Please check https://github.com/appium/appium/blob/master/docs/en/writing-running-appium/server-args.md
| *Option*            | *Man.* | *Description*     |
| remote_url          | Yes    | Appium server url |
| alias               | no     | alias             |
| strict_ssl          | No     | allows you to send commands to an invalid certificate host like a self-signed one. |</doc>
<status status="PASS" starttime="20250725 22:02:23.909" endtime="20250725 22:02:27.884"/>
</kw>
<kw name="Set Appium Timeout" library="AppiumLibrary">
<arg>30 seconds</arg>
<doc>Sets the timeout in seconds used by various keywords.</doc>
<status status="PASS" starttime="20250725 22:02:27.884" endtime="20250725 22:02:27.885"/>
</kw>
<status status="PASS" starttime="20250725 22:02:23.908" endtime="20250725 22:02:27.885"/>
</kw>
<kw name="Login" library="common_keywords">
<arg>${VALID_USERNAME}</arg>
<arg>${VALID_PASSWORD}</arg>
<kw name="Wait Until Page Contains Element" library="AppiumLibrary">
<arg>${USERNAME_INPUT}</arg>
<arg>timeout=${DEFAULT_WAIT_TIME}</arg>
<doc>Waits until element specified with `locator` appears on current page.</doc>
<msg timestamp="20250725 22:02:29.200" level="INFO">xpath criteria: //android.widget.FrameLayout[@resource-id="android:id/content"]/android.widget.FrameLayout/android.view.View/android.view.View/android.view.View/android.view.View/android.widget.EditText[1]</msg>
<status status="PASS" starttime="20250725 22:02:27.885" endtime="20250725 22:02:29.200"/>
</kw>
<kw name="Wait Until Page Contains Element" library="AppiumLibrary">
<arg>${PASSWORD_INPUT}</arg>
<arg>timeout=${DEFAULT_WAIT_TIME}</arg>
<doc>Waits until element specified with `locator` appears on current page.</doc>
<msg timestamp="20250725 22:02:29.237" level="INFO">xpath criteria: //android.widget.FrameLayout[@resource-id="android:id/content"]/android.widget.FrameLayout/android.view.View/android.view.View/android.view.View/android.view.View/android.widget.EditText[2]</msg>
<status status="PASS" starttime="20250725 22:02:29.200" endtime="20250725 22:02:29.237"/>
</kw>
<kw name="Wait Until Page Contains Element" library="AppiumLibrary">
<arg>${LOGIN_BUTTON}</arg>
<arg>timeout=${DEFAULT_WAIT_TIME}</arg>
<doc>Waits until element specified with `locator` appears on current page.</doc>
<msg timestamp="20250725 22:02:29.269" level="INFO">xpath criteria: //android.widget.Button[@content-desc="Se connecter"]</msg>
<status status="PASS" starttime="20250725 22:02:29.237" endtime="20250725 22:02:29.269"/>
</kw>
<kw name="Fill Input By XPath" library="common_keywords">
<arg>${USERNAME_INPUT}</arg>
<arg>${username}</arg>
<kw name="Wait Until Element Is Visible" library="AppiumLibrary">
<arg>${xpath_locator}</arg>
<arg>timeout=${DEFAULT_WAIT_TIME}</arg>
<doc>Waits until element specified with `locator` is visible.</doc>
<msg timestamp="20250725 22:02:29.317" level="INFO">xpath criteria: //android.widget.FrameLayout[@resource-id="android:id/content"]/android.widget.FrameLayout/android.view.View/android.view.View/android.view.View/android.view.View/android.widget.EditText[1]</msg>
<status status="PASS" starttime="20250725 22:02:29.269" endtime="20250725 22:02:29.317"/>
</kw>
<kw name="Click Element" library="AppiumLibrary">
<arg>${xpath_locator}</arg>
<doc>Click element identified by `locator`.</doc>
<msg timestamp="20250725 22:02:29.319" level="INFO">Clicking element '//android.widget.FrameLayout[@resource-id="android:id/content"]/android.widget.FrameLayout/android.view.View/android.view.View/android.view.View/android.view.View/android.widget.EditText[1]'.</msg>
<msg timestamp="20250725 22:02:29.409" level="INFO">xpath criteria: //android.widget.FrameLayout[@resource-id="android:id/content"]/android.widget.FrameLayout/android.view.View/android.view.View/android.view.View/android.view.View/android.widget.EditText[1]</msg>
<status status="PASS" starttime="20250725 22:02:29.317" endtime="20250725 22:02:29.409"/>
</kw>
<kw name="Input Text" library="AppiumLibrary">
<arg>${xpath_locator}</arg>
<arg>${text_to_fill}</arg>
<doc>Types the given `text` into text field identified by `locator`.</doc>
<msg timestamp="20250725 22:02:29.413" level="INFO">Typing text 'johnd' into text field '//android.widget.FrameLayout[@resource-id="android:id/content"]/android.widget.FrameLayout/android.view.View/android.view.View/android.view.View/android.view.View/android.widget.EditText[1]'</msg>
<msg timestamp="20250725 22:02:30.690" level="INFO">xpath criteria: //android.widget.FrameLayout[@resource-id="android:id/content"]/android.widget.FrameLayout/android.view.View/android.view.View/android.view.View/android.view.View/android.widget.EditText[1]</msg>
<status status="PASS" starttime="20250725 22:02:29.410" endtime="20250725 22:02:30.690"/>
</kw>
<status status="PASS" starttime="20250725 22:02:29.269" endtime="20250725 22:02:30.690"/>
</kw>
<kw name="Fill Input By XPath" library="common_keywords">
<arg>${PASSWORD_INPUT}</arg>
<arg>${password}</arg>
<kw name="Wait Until Element Is Visible" library="AppiumLibrary">
<arg>${xpath_locator}</arg>
<arg>timeout=${DEFAULT_WAIT_TIME}</arg>
<doc>Waits until element specified with `locator` is visible.</doc>
<msg timestamp="20250725 22:02:31.216" level="INFO">xpath criteria: //android.widget.FrameLayout[@resource-id="android:id/content"]/android.widget.FrameLayout/android.view.View/android.view.View/android.view.View/android.view.View/android.widget.EditText[2]</msg>
<status status="PASS" starttime="20250725 22:02:30.691" endtime="20250725 22:02:31.216"/>
</kw>
<kw name="Click Element" library="AppiumLibrary">
<arg>${xpath_locator}</arg>
<doc>Click element identified by `locator`.</doc>
<msg timestamp="20250725 22:02:31.218" level="INFO">Clicking element '//android.widget.FrameLayout[@resource-id="android:id/content"]/android.widget.FrameLayout/android.view.View/android.view.View/android.view.View/android.view.View/android.widget.EditText[2]'.</msg>
<msg timestamp="20250725 22:02:31.989" level="INFO">xpath criteria: //android.widget.FrameLayout[@resource-id="android:id/content"]/android.widget.FrameLayout/android.view.View/android.view.View/android.view.View/android.view.View/android.widget.EditText[2]</msg>
<status status="PASS" starttime="20250725 22:02:31.216" endtime="20250725 22:02:31.989"/>
</kw>
<kw name="Input Text" library="AppiumLibrary">
<arg>${xpath_locator}</arg>
<arg>${text_to_fill}</arg>
<doc>Types the given `text` into text field identified by `locator`.</doc>
<msg timestamp="20250725 22:02:31.994" level="INFO">Typing text 'm38rmF$' into text field '//android.widget.FrameLayout[@resource-id="android:id/content"]/android.widget.FrameLayout/android.view.View/android.view.View/android.view.View/android.view.View/android.widget.EditText[2]'</msg>
<msg timestamp="20250725 22:02:32.031" level="INFO">xpath criteria: //android.widget.FrameLayout[@resource-id="android:id/content"]/android.widget.FrameLayout/android.view.View/android.view.View/android.view.View/android.view.View/android.widget.EditText[2]</msg>
<status status="PASS" starttime="20250725 22:02:31.989" endtime="20250725 22:02:32.031"/>
</kw>
<status status="PASS" starttime="20250725 22:02:30.690" endtime="20250725 22:02:32.031"/>
</kw>
<kw name="Wait And Click" library="common_keywords">
<arg>${LOGIN_BUTTON}</arg>
<kw name="Wait Until Element Is Visible" library="AppiumLibrary">
<arg>${locator}</arg>
<doc>Waits until element specified with `locator` is visible.</doc>
<msg timestamp="20250725 22:02:32.550" level="INFO">xpath criteria: //android.widget.Button[@content-desc="Se connecter"]</msg>
<status status="PASS" starttime="20250725 22:02:32.031" endtime="20250725 22:02:32.550"/>
</kw>
<kw name="Click Element" library="AppiumLibrary">
<arg>${locator}</arg>
<doc>Click element identified by `locator`.</doc>
<msg timestamp="20250725 22:02:32.552" level="INFO">Clicking element '//android.widget.Button[@content-desc="Se connecter"]'.</msg>
<msg timestamp="20250725 22:02:33.122" level="INFO">xpath criteria: //android.widget.Button[@content-desc="Se connecter"]</msg>
<status status="PASS" starttime="20250725 22:02:32.550" endtime="20250725 22:02:33.122"/>
</kw>
<status status="PASS" starttime="20250725 22:02:32.031" endtime="20250725 22:02:33.122"/>
</kw>
<status status="PASS" starttime="20250725 22:02:27.885" endtime="20250725 22:02:33.122"/>
</kw>
<kw name="Verify Product Creation Page Displayed" library="common_keywords">
<kw name="Wait Until Element Is Visible" library="AppiumLibrary">
<arg>${PRODUCT_CREATION_TITLE}</arg>
<arg>timeout=${DEFAULT_WAIT_TIME}</arg>
<doc>Waits until element specified with `locator` is visible.</doc>
<msg timestamp="20250725 22:02:34.138" level="INFO">xpath criteria: //android.view.View[@content-desc="Ajouter un produit"]
xpath criteria: //android.view.View[@content-desc="Ajouter un produit"]
xpath criteria: //android.view.View[@content-desc="Ajouter un produit"]</msg>
<status status="PASS" starttime="20250725 22:02:33.123" endtime="20250725 22:02:34.138"/>
</kw>
<kw name="Page Should Contain Text" library="AppiumLibrary">
<arg>Titre</arg>
<doc>Verifies that current page contains `text`.</doc>
<msg timestamp="20250725 22:02:34.166" level="INFO">Current page contains text 'Titre'.</msg>
<status status="PASS" starttime="20250725 22:02:34.138" endtime="20250725 22:02:34.167"/>
</kw>
<kw name="Page Should Contain Text" library="AppiumLibrary">
<arg>Prix</arg>
<doc>Verifies that current page contains `text`.</doc>
<msg timestamp="20250725 22:02:34.198" level="INFO">Current page contains text 'Prix'.</msg>
<status status="PASS" starttime="20250725 22:02:34.167" endtime="20250725 22:02:34.198"/>
</kw>
<kw name="Page Should Contain Text" library="AppiumLibrary">
<arg>Description</arg>
<doc>Verifies that current page contains `text`.</doc>
<msg timestamp="20250725 22:02:34.228" level="INFO">Current page contains text 'Description'.</msg>
<status status="PASS" starttime="20250725 22:02:34.198" endtime="20250725 22:02:34.228"/>
</kw>
<kw name="Page Should Contain Text" library="AppiumLibrary">
<arg>Catégorie</arg>
<doc>Verifies that current page contains `text`.</doc>
<msg timestamp="20250725 22:02:34.259" level="INFO">Current page contains text 'Catégorie'.</msg>
<status status="PASS" starttime="20250725 22:02:34.229" endtime="20250725 22:02:34.259"/>
</kw>
<kw name="Page Should Contain Text" library="AppiumLibrary">
<arg>Image URL</arg>
<doc>Verifies that current page contains `text`.</doc>
<msg timestamp="20250725 22:02:34.286" level="INFO">Current page contains text 'Image URL'.</msg>
<status status="PASS" starttime="20250725 22:02:34.259" endtime="20250725 22:02:34.286"/>
</kw>
<status status="PASS" starttime="20250725 22:02:33.123" endtime="20250725 22:02:34.286"/>
</kw>
<status status="PASS" starttime="20250725 22:02:23.907" endtime="20250725 22:02:34.286"/>
</kw>
<kw name="Fill Product Details" library="common_keywords">
<arg>${VALID_PRODUCT_TITLE}</arg>
<arg>${EMPTY}</arg>
<arg>${VALID_PRODUCT_DESCRIPTION}</arg>
<arg>${VALID_PRODUCT_CATEGORY}</arg>
<arg>${VALID_PRODUCT_IMAGE_URL}</arg>
<kw name="Fill Input By XPath" library="common_keywords">
<arg>${PRODUCT_TITLE_INPUT}</arg>
<arg>${title}</arg>
<kw name="Wait Until Element Is Visible" library="AppiumLibrary">
<arg>${xpath_locator}</arg>
<arg>timeout=${DEFAULT_WAIT_TIME}</arg>
<doc>Waits until element specified with `locator` is visible.</doc>
<msg timestamp="20250725 22:02:34.362" level="INFO">xpath criteria: //android.widget.FrameLayout[@resource-id="android:id/content"]/android.widget.FrameLayout/android.view.View/android.view.View/android.view.View/android.view.View/android.view.View[2]/android.view.View/android.widget.EditText[1]</msg>
<status status="PASS" starttime="20250725 22:02:34.287" endtime="20250725 22:02:34.363"/>
</kw>
<kw name="Click Element" library="AppiumLibrary">
<arg>${xpath_locator}</arg>
<doc>Click element identified by `locator`.</doc>
<msg timestamp="20250725 22:02:34.365" level="INFO">Clicking element '//android.widget.FrameLayout[@resource-id="android:id/content"]/android.widget.FrameLayout/android.view.View/android.view.View/android.view.View/android.view.View/android.view.View[2]/android.view.View/android.widget.EditText[1]'.</msg>
<msg timestamp="20250725 22:02:35.648" level="INFO">xpath criteria: //android.widget.FrameLayout[@resource-id="android:id/content"]/android.widget.FrameLayout/android.view.View/android.view.View/android.view.View/android.view.View/android.view.View[2]/android.view.View/android.widget.EditText[1]</msg>
<status status="PASS" starttime="20250725 22:02:34.363" endtime="20250725 22:02:35.648"/>
</kw>
<kw name="Input Text" library="AppiumLibrary">
<arg>${xpath_locator}</arg>
<arg>${text_to_fill}</arg>
<doc>Types the given `text` into text field identified by `locator`.</doc>
<msg timestamp="20250725 22:02:35.652" level="INFO">Typing text 'DANVOUY Womens T Shirt Casual Cotton Short' into text field '//android.widget.FrameLayout[@resource-id="android:id/content"]/android.widget.FrameLayout/android.view.View/android.view.View/android.view.View/android.view.View/android.view.View[2]/android.view.View/android.widget.EditText[1]'</msg>
<msg timestamp="20250725 22:02:35.711" level="INFO">xpath criteria: //android.widget.FrameLayout[@resource-id="android:id/content"]/android.widget.FrameLayout/android.view.View/android.view.View/android.view.View/android.view.View/android.view.View[2]/android.view.View/android.widget.EditText[1]</msg>
<status status="PASS" starttime="20250725 22:02:35.648" endtime="20250725 22:02:35.711"/>
</kw>
<status status="PASS" starttime="20250725 22:02:34.287" endtime="20250725 22:02:35.711"/>
</kw>
<kw name="Fill Input By XPath" library="common_keywords">
<arg>${PRODUCT_PRICE_INPUT}</arg>
<arg>${price}</arg>
<kw name="Wait Until Element Is Visible" library="AppiumLibrary">
<arg>${xpath_locator}</arg>
<arg>timeout=${DEFAULT_WAIT_TIME}</arg>
<doc>Waits until element specified with `locator` is visible.</doc>
<msg timestamp="20250725 22:02:36.238" level="INFO">xpath criteria: //android.widget.FrameLayout[@resource-id="android:id/content"]/android.widget.FrameLayout/android.view.View/android.view.View/android.view.View/android.view.View/android.view.View[2]/android.view.View/android.widget.EditText[2]</msg>
<status status="PASS" starttime="20250725 22:02:35.711" endtime="20250725 22:02:36.238"/>
</kw>
<kw name="Click Element" library="AppiumLibrary">
<arg>${xpath_locator}</arg>
<doc>Click element identified by `locator`.</doc>
<msg timestamp="20250725 22:02:36.242" level="INFO">Clicking element '//android.widget.FrameLayout[@resource-id="android:id/content"]/android.widget.FrameLayout/android.view.View/android.view.View/android.view.View/android.view.View/android.view.View[2]/android.view.View/android.widget.EditText[2]'.</msg>
<msg timestamp="20250725 22:02:36.926" level="INFO">xpath criteria: //android.widget.FrameLayout[@resource-id="android:id/content"]/android.widget.FrameLayout/android.view.View/android.view.View/android.view.View/android.view.View/android.view.View[2]/android.view.View/android.widget.EditText[2]</msg>
<status status="PASS" starttime="20250725 22:02:36.238" endtime="20250725 22:02:36.926"/>
</kw>
<kw name="Input Text" library="AppiumLibrary">
<arg>${xpath_locator}</arg>
<arg>${text_to_fill}</arg>
<doc>Types the given `text` into text field identified by `locator`.</doc>
<msg timestamp="20250725 22:02:36.928" level="INFO">Typing text '' into text field '//android.widget.FrameLayout[@resource-id="android:id/content"]/android.widget.FrameLayout/android.view.View/android.view.View/android.view.View/android.view.View/android.view.View[2]/android.view.View/android.widget.EditText[2]'</msg>
<msg timestamp="20250725 22:02:36.967" level="INFO">xpath criteria: //android.widget.FrameLayout[@resource-id="android:id/content"]/android.widget.FrameLayout/android.view.View/android.view.View/android.view.View/android.view.View/android.view.View[2]/android.view.View/android.widget.EditText[2]</msg>
<status status="PASS" starttime="20250725 22:02:36.926" endtime="20250725 22:02:36.967"/>
</kw>
<status status="PASS" starttime="20250725 22:02:35.711" endtime="20250725 22:02:36.967"/>
</kw>
<kw name="Fill Input By XPath" library="common_keywords">
<arg>${PRODUCT_DESCRIPTION_INPUT}</arg>
<arg>${description}</arg>
<kw name="Wait Until Element Is Visible" library="AppiumLibrary">
<arg>${xpath_locator}</arg>
<arg>timeout=${DEFAULT_WAIT_TIME}</arg>
<doc>Waits until element specified with `locator` is visible.</doc>
<msg timestamp="20250725 22:02:37.008" level="INFO">xpath criteria: //android.widget.FrameLayout[@resource-id="android:id/content"]/android.widget.FrameLayout/android.view.View/android.view.View/android.view.View/android.view.View/android.view.View[2]/android.view.View/android.widget.EditText[3]</msg>
<status status="PASS" starttime="20250725 22:02:36.967" endtime="20250725 22:02:37.008"/>
</kw>
<kw name="Click Element" library="AppiumLibrary">
<arg>${xpath_locator}</arg>
<doc>Click element identified by `locator`.</doc>
<msg timestamp="20250725 22:02:37.011" level="INFO">Clicking element '//android.widget.FrameLayout[@resource-id="android:id/content"]/android.widget.FrameLayout/android.view.View/android.view.View/android.view.View/android.view.View/android.view.View[2]/android.view.View/android.widget.EditText[3]'.</msg>
<msg timestamp="20250725 22:02:37.696" level="INFO">xpath criteria: //android.widget.FrameLayout[@resource-id="android:id/content"]/android.widget.FrameLayout/android.view.View/android.view.View/android.view.View/android.view.View/android.view.View[2]/android.view.View/android.widget.EditText[3]</msg>
<status status="PASS" starttime="20250725 22:02:37.009" endtime="20250725 22:02:37.697"/>
</kw>
<kw name="Input Text" library="AppiumLibrary">
<arg>${xpath_locator}</arg>
<arg>${text_to_fill}</arg>
<doc>Types the given `text` into text field identified by `locator`.</doc>
<msg timestamp="20250725 22:02:37.700" level="INFO">Typing text '95%Cotton,5%Spandex, Features: Casual, Short Sleeve, Letter Print,V-Neck,Fashion Tees, The fabric is soft and has some stretch., Occasion: Casual/Office/Beach/School/Home/Street. Season: Spring,Summer,Autumn,Winter.' into text field '//android.widget.FrameLayout[@resource-id="android:id/content"]/android.widget.FrameLayout/android.view.View/android.view.View/android.view.View/android.view.View/android.view.View[2]/android.view.View/android.widget.EditText[3]'</msg>
<msg timestamp="20250725 22:02:37.739" level="INFO">xpath criteria: //android.widget.FrameLayout[@resource-id="android:id/content"]/android.widget.FrameLayout/android.view.View/android.view.View/android.view.View/android.view.View/android.view.View[2]/android.view.View/android.widget.EditText[3]</msg>
<status status="PASS" starttime="20250725 22:02:37.697" endtime="20250725 22:02:37.739"/>
</kw>
<status status="PASS" starttime="20250725 22:02:36.967" endtime="20250725 22:02:37.739"/>
</kw>
<kw name="Fill Input By XPath" library="common_keywords">
<arg>${PRODUCT_CATEGORY_INPUT}</arg>
<arg>${category}</arg>
<kw name="Wait Until Element Is Visible" library="AppiumLibrary">
<arg>${xpath_locator}</arg>
<arg>timeout=${DEFAULT_WAIT_TIME}</arg>
<doc>Waits until element specified with `locator` is visible.</doc>
<msg timestamp="20250725 22:02:38.380" level="INFO">xpath criteria: //android.widget.FrameLayout[@resource-id="android:id/content"]/android.widget.FrameLayout/android.view.View/android.view.View/android.view.View/android.view.View/android.view.View[2]/android.view.View/android.widget.EditText[4]</msg>
<status status="PASS" starttime="20250725 22:02:37.740" endtime="20250725 22:02:38.380"/>
</kw>
<kw name="Click Element" library="AppiumLibrary">
<arg>${xpath_locator}</arg>
<doc>Click element identified by `locator`.</doc>
<msg timestamp="20250725 22:02:38.382" level="INFO">Clicking element '//android.widget.FrameLayout[@resource-id="android:id/content"]/android.widget.FrameLayout/android.view.View/android.view.View/android.view.View/android.view.View/android.view.View[2]/android.view.View/android.widget.EditText[4]'.</msg>
<msg timestamp="20250725 22:02:39.069" level="INFO">xpath criteria: //android.widget.FrameLayout[@resource-id="android:id/content"]/android.widget.FrameLayout/android.view.View/android.view.View/android.view.View/android.view.View/android.view.View[2]/android.view.View/android.widget.EditText[4]</msg>
<status status="PASS" starttime="20250725 22:02:38.380" endtime="20250725 22:02:39.069"/>
</kw>
<kw name="Input Text" library="AppiumLibrary">
<arg>${xpath_locator}</arg>
<arg>${text_to_fill}</arg>
<doc>Types the given `text` into text field identified by `locator`.</doc>
<msg timestamp="20250725 22:02:39.072" level="INFO">Typing text 'women's clothing' into text field '//android.widget.FrameLayout[@resource-id="android:id/content"]/android.widget.FrameLayout/android.view.View/android.view.View/android.view.View/android.view.View/android.view.View[2]/android.view.View/android.widget.EditText[4]'</msg>
<msg timestamp="20250725 22:02:39.109" level="INFO">xpath criteria: //android.widget.FrameLayout[@resource-id="android:id/content"]/android.widget.FrameLayout/android.view.View/android.view.View/android.view.View/android.view.View/android.view.View[2]/android.view.View/android.widget.EditText[4]</msg>
<status status="PASS" starttime="20250725 22:02:39.069" endtime="20250725 22:02:39.109"/>
</kw>
<status status="PASS" starttime="20250725 22:02:37.740" endtime="20250725 22:02:39.109"/>
</kw>
<kw name="Fill Input By XPath" library="common_keywords">
<arg>${PRODUCT_IMAGE_URL_INPUT}</arg>
<arg>${image_url}</arg>
<kw name="Wait Until Element Is Visible" library="AppiumLibrary">
<arg>${xpath_locator}</arg>
<arg>timeout=${DEFAULT_WAIT_TIME}</arg>
<doc>Waits until element specified with `locator` is visible.</doc>
<msg timestamp="20250725 22:02:39.642" level="INFO">xpath criteria: //android.widget.FrameLayout[@resource-id="android:id/content"]/android.widget.FrameLayout/android.view.View/android.view.View/android.view.View/android.view.View/android.view.View[2]/android.view.View/android.widget.EditText[5]</msg>
<status status="PASS" starttime="20250725 22:02:39.110" endtime="20250725 22:02:39.642"/>
</kw>
<kw name="Click Element" library="AppiumLibrary">
<arg>${xpath_locator}</arg>
<doc>Click element identified by `locator`.</doc>
<msg timestamp="20250725 22:02:39.643" level="INFO">Clicking element '//android.widget.FrameLayout[@resource-id="android:id/content"]/android.widget.FrameLayout/android.view.View/android.view.View/android.view.View/android.view.View/android.view.View[2]/android.view.View/android.widget.EditText[5]'.</msg>
<msg timestamp="20250725 22:02:40.310" level="INFO">xpath criteria: //android.widget.FrameLayout[@resource-id="android:id/content"]/android.widget.FrameLayout/android.view.View/android.view.View/android.view.View/android.view.View/android.view.View[2]/android.view.View/android.widget.EditText[5]</msg>
<status status="PASS" starttime="20250725 22:02:39.642" endtime="20250725 22:02:40.310"/>
</kw>
<kw name="Input Text" library="AppiumLibrary">
<arg>${xpath_locator}</arg>
<arg>${text_to_fill}</arg>
<doc>Types the given `text` into text field identified by `locator`.</doc>
<msg timestamp="20250725 22:02:40.312" level="INFO">Typing text 'https://fakestoreapi.com/img/61pHAEJ4NML._AC_UX679_.jpg' into text field '//android.widget.FrameLayout[@resource-id="android:id/content"]/android.widget.FrameLayout/android.view.View/android.view.View/android.view.View/android.view.View/android.view.View[2]/android.view.View/android.widget.EditText[5]'</msg>
<msg timestamp="20250725 22:02:40.356" level="INFO">xpath criteria: //android.widget.FrameLayout[@resource-id="android:id/content"]/android.widget.FrameLayout/android.view.View/android.view.View/android.view.View/android.view.View/android.view.View[2]/android.view.View/android.widget.EditText[5]</msg>
<status status="PASS" starttime="20250725 22:02:40.310" endtime="20250725 22:02:40.356"/>
</kw>
<status status="PASS" starttime="20250725 22:02:39.110" endtime="20250725 22:02:40.356"/>
</kw>
<kw name="Click Element" library="AppiumLibrary">
<arg>${ADD_PRODUCT_BUTTON}</arg>
<doc>Click element identified by `locator`.</doc>
<msg timestamp="20250725 22:02:40.358" level="INFO">Clicking element '//android.widget.Button[@content-desc="Ajouter"]'.</msg>
<msg timestamp="20250725 22:02:41.581" level="INFO">xpath criteria: //android.widget.Button[@content-desc="Ajouter"]</msg>
<status status="PASS" starttime="20250725 22:02:40.356" endtime="20250725 22:02:41.581"/>
</kw>
<status status="PASS" starttime="20250725 22:02:34.286" endtime="20250725 22:02:41.581"/>
</kw>
<kw name="Verify Required Field Message" library="common_keywords">
<arg>${PRODUCT_TITLE_INPUT_ERROR}</arg>
<kw name="Wait Until Page Contains Element" library="AppiumLibrary">
<arg>${PRODUCT_INPUT_ERROR}</arg>
<doc>Waits until element specified with `locator` appears on current page.</doc>
<msg timestamp="20250725 22:02:41.636" level="INFO">xpath criteria: (//android.view.View[@content-desc="Obligatoire"])[1]</msg>
<status status="PASS" starttime="20250725 22:02:41.582" endtime="20250725 22:02:41.636"/>
</kw>
<status status="PASS" starttime="20250725 22:02:41.582" endtime="20250725 22:02:41.636"/>
</kw>
<kw name="Close My Application" library="common_keywords" type="TEARDOWN">
<kw name="Close Application" library="AppiumLibrary">
<doc>Closes the current application and also close webdriver session.</doc>
<status status="PASS" starttime="20250725 22:02:41.636" endtime="20250725 22:02:42.050"/>
</kw>
<status status="PASS" starttime="20250725 22:02:41.636" endtime="20250725 22:02:42.050"/>
</kw>
<tag>ProductCreation</tag>
<tag>Validation</tag>
<status status="PASS" starttime="20250725 22:02:23.907" endtime="20250725 22:02:42.050"/>
</test>
<status status="PASS" starttime="20250725 22:01:46.099" endtime="20250725 22:02:42.051"/>
</suite>
<statistics>
<total>
<stat pass="3" fail="0" skip="0">All Tests</stat>
</total>
<tag>
<stat pass="3" fail="0" skip="0">ProductCreation</stat>
<stat pass="2" fail="0" skip="0">Validation</stat>
</tag>
<suite>
<stat pass="3" fail="0" skip="0" id="s1" name="Product Tests">Product Tests</stat>
</suite>
</statistics>
<errors>
</errors>
</robot>
